#
# There is insufficient memory for the Java Runtime Environment to continue.
# Native memory allocation (mmap) failed to map 299892736 bytes for G1 virtual space
# Possible reasons:
#   The system is out of physical RAM or swap space
#   The process is running with CompressedOops enabled, and the Java Heap may be blocking the growth of the native heap
# Possible solutions:
#   Reduce memory load on the system
#   Increase physical memory or swap space
#   Check if swap backing store is full
#   Decrease Java heap size (-Xmx/-Xms)
#   Decrease number of Java threads
#   Decrease Java thread stack sizes (-Xss)
#   Set larger code cache with -XX:ReservedCodeCacheSize=
#   JVM is running with Unscaled Compressed Oops mode in which the Java heap is
#     placed in the first 4GB address space. The Java Heap base address is the
#     maximum limit for the native heap growth. Please use -XX:HeapBaseMinAddress
#     to set the Java Heap base and to place the Java Heap above 4GB virtual address.
# This output file may be truncated or incomplete.
#
#  Out of Memory Error (os_windows.cpp:3557), pid=860, tid=12324
#
# JRE version: OpenJDK Runtime Environment Temurin-17.0.6+10 (17.0.6+10) (build 17.0.6+10)
# Java VM: OpenJDK 64-Bit Server VM Temurin-17.0.6+10 (17.0.6+10, mixed mode, tiered, compressed oops, compressed class ptrs, g1 gc, windows-amd64)
# No core dump will be written. Minidumps are not enabled by default on client versions of Windows
#

---------------  S U M M A R Y ------------

Command Line: -XX:+IgnoreUnrecognizedVMOptions -Dosgi.requiredJavaVersion=17 --add-modules=ALL-SYSTEM --add-opens=java.base/java.io=ALL-UNNAMED --add-opens=java.base/java.lang=ALL-UNNAMED --add-opens=java.base/java.lang.reflect=ALL-UNNAMED --add-opens=java.base/java.net=ALL-UNNAMED --add-opens=java.base/java.nio=ALL-UNNAMED --add-opens=java.base/java.nio.charset=ALL-UNNAMED --add-opens=java.base/java.text=ALL-UNNAMED --add-opens=java.base/java.time=ALL-UNNAMED --add-opens=java.base/java.util=ALL-UNNAMED --add-opens=java.base/java.util.concurrent=ALL-UNNAMED --add-opens=java.base/java.util.concurrent.atomic=ALL-UNNAMED --add-opens=java.base/jdk.internal.vm=ALL-UNNAMED --add-opens=java.base/sun.nio.ch=ALL-UNNAMED --add-opens=java.base/sun.security.ssl=ALL-UNNAMED --add-opens=java.base/sun.security.action=ALL-UNNAMED --add-opens=java.base/sun.security.util=ALL-UNNAMED -Xms64m -Xmx1024m -Ddbeaver.distribution.type=exe 

Host: Intel(R) Core(TM) i5-3570 CPU @ 3.40GHz, 4 cores, 7G,  Windows 10 , 64 bit Build 19041 (10.0.19041.3570)
Time: Thu Nov 16 00:46:03 2023 RTZ 2 (s 10 , 64 bit Build 19041 (10.0.19041.3570) elapsed time: 13.841492 seconds (0d 0h 0m 13s)

---------------  T H R E A D  ---------------

Current thread (0x0000022f1a002e10):  VMThread "VM Thread" [stack: 0x0000005e36400000,0x0000005e36500000] [id=12324]

Stack: [0x0000005e36400000,0x0000005e36500000]
Native frames: (J=compiled Java code, j=interpreted, Vv=VM code, C=native code)
V  [jvm.dll+0x67741a]
V  [jvm.dll+0x834434]
V  [jvm.dll+0x835bde]
V  [jvm.dll+0x836243]
V  [jvm.dll+0x2457b5]
V  [jvm.dll+0x674329]
V  [jvm.dll+0x6689da]
V  [jvm.dll+0x30489b]
V  [jvm.dll+0x30bd96]
V  [jvm.dll+0x35b57e]
V  [jvm.dll+0x35b7af]
V  [jvm.dll+0x2db778]
V  [jvm.dll+0x2d9a2c]
V  [jvm.dll+0x2d8ffc]
V  [jvm.dll+0x31cdcb]
V  [jvm.dll+0x83a6eb]
V  [jvm.dll+0x83b424]
V  [jvm.dll+0x83b93c]
V  [jvm.dll+0x83bd14]
V  [jvm.dll+0x83bde0]
V  [jvm.dll+0x7e483a]
V  [jvm.dll+0x6762c5]
C  [ucrtbase.dll+0x21bb2]
C  [KERNEL32.DLL+0x17344]
C  [ntdll.dll+0x526b1]

VM_Operation (0x0000005e3592c0e0): G1CollectForAllocation, mode: safepoint, requested by thread 0x0000022f04af0380


---------------  P R O C E S S  ---------------

Threads class SMR info:
_java_thread_list=0x0000022f2000dee0, length=39, elements={
0x0000022f04af0380, 0x0000022f1a054390, 0x0000022f1a057a90, 0x0000022f1a083bb0,
0x0000022f1a084470, 0x0000022f1a0858a0, 0x0000022f1a089c50, 0x0000022f1a08f160,
0x0000022f1a090680, 0x0000022f1a092e70, 0x0000022f1a0b2190, 0x0000022f1adb8f00,
0x0000022f1bd4b4a0, 0x0000022f1bbc21a0, 0x0000022f1bbc4fb0, 0x0000022f1bbc6c00,
0x0000022f1c0d8410, 0x0000022f1bc2cae0, 0x0000022f1bc2c140, 0x0000022f1bc2cfb0,
0x0000022f1bc2de20, 0x0000022f1bc2e7c0, 0x0000022f1bc2b7a0, 0x0000022f1bc2d480,
0x0000022f1bc2d950, 0x0000022f1bc2e2f0, 0x0000022f1bc2bc70, 0x0000022f1bc2c610,
0x0000022f1bc2ec90, 0x0000022f1f8773c0, 0x0000022f1f8756e0, 0x0000022f1f873060,
0x0000022f1f873530, 0x0000022f1f8743a0, 0x0000022f1f875bb0, 0x0000022f1f870040,
0x0000022f1f874d40, 0x0000022f1f8709e0, 0x0000022f1f876080
}

Java Threads: ( => current thread )
  0x0000022f04af0380 JavaThread "main" [_thread_blocked, id=9860, stack(0x0000005e35830000,0x0000005e35930000)]
  0x0000022f1a054390 JavaThread "Reference Handler" daemon [_thread_blocked, id=18284, stack(0x0000005e36500000,0x0000005e36600000)]
  0x0000022f1a057a90 JavaThread "Finalizer" daemon [_thread_blocked, id=4948, stack(0x0000005e36600000,0x0000005e36700000)]
  0x0000022f1a083bb0 JavaThread "Signal Dispatcher" daemon [_thread_blocked, id=16912, stack(0x0000005e36700000,0x0000005e36800000)]
  0x0000022f1a084470 JavaThread "Attach Listener" daemon [_thread_blocked, id=8208, stack(0x0000005e36800000,0x0000005e36900000)]
  0x0000022f1a0858a0 JavaThread "Service Thread" daemon [_thread_blocked, id=2904, stack(0x0000005e36900000,0x0000005e36a00000)]
  0x0000022f1a089c50 JavaThread "Monitor Deflation Thread" daemon [_thread_blocked, id=17792, stack(0x0000005e36a00000,0x0000005e36b00000)]
  0x0000022f1a08f160 JavaThread "C2 CompilerThread0" daemon [_thread_blocked, id=3144, stack(0x0000005e36b00000,0x0000005e36c00000)]
  0x0000022f1a090680 JavaThread "C1 CompilerThread0" daemon [_thread_blocked, id=16280, stack(0x0000005e36c00000,0x0000005e36d00000)]
  0x0000022f1a092e70 JavaThread "Sweeper thread" daemon [_thread_blocked, id=8864, stack(0x0000005e36d00000,0x0000005e36e00000)]
  0x0000022f1a0b2190 JavaThread "Common-Cleaner" daemon [_thread_blocked, id=11188, stack(0x0000005e36e00000,0x0000005e36f00000)]
  0x0000022f1adb8f00 JavaThread "Notification Thread" daemon [_thread_blocked, id=12548, stack(0x0000005e36f00000,0x0000005e37000000)]
  0x0000022f1bd4b4a0 JavaThread "Active Thread: Equinox Container: 8f699e87-04a2-4cfc-8117-73bcbd7a2d19" [_thread_blocked, id=14516, stack(0x0000005e37500000,0x0000005e37600000)]
  0x0000022f1bbc21a0 JavaThread "Framework Event Dispatcher: Equinox Container: 8f699e87-04a2-4cfc-8117-73bcbd7a2d19" daemon [_thread_blocked, id=16396, stack(0x0000005e37900000,0x0000005e37a00000)]
  0x0000022f1bbc4fb0 JavaThread "Start Level: Equinox Container: 8f699e87-04a2-4cfc-8117-73bcbd7a2d19" daemon [_thread_blocked, id=1380, stack(0x0000005e37a00000,0x0000005e37b00000)]
  0x0000022f1bbc6c00 JavaThread "SCR Component Actor" daemon [_thread_blocked, id=12132, stack(0x0000005e37b00000,0x0000005e37c00000)]
  0x0000022f1c0d8410 JavaThread "SCR Component Registry" daemon [_thread_blocked, id=10676, stack(0x0000005e37c00000,0x0000005e37d00000)]
  0x0000022f1bc2cae0 JavaThread "EMF Reference Cleaner" daemon [_thread_blocked, id=17384, stack(0x0000005e37d00000,0x0000005e37e00000)]
  0x0000022f1bc2c140 JavaThread "Worker-JM" [_thread_blocked, id=11648, stack(0x0000005e37e00000,0x0000005e37f00000)]
  0x0000022f1bc2cfb0 JavaThread "DBeaver: Update theme" [_thread_blocked, id=6132, stack(0x0000005e37f00000,0x0000005e38000000)]
  0x0000022f1bc2de20 JavaThread "BC Entropy Daemon" daemon [_thread_blocked, id=9936, stack(0x0000005e38500000,0x0000005e38600000)]
  0x0000022f1bc2e7c0 JavaThread "Database navigator events processor" [_thread_blocked, id=9880, stack(0x0000005e38600000,0x0000005e38700000)]
  0x0000022f1bc2b7a0 JavaThread "Worker-2" [_thread_blocked, id=1796, stack(0x0000005e37100000,0x0000005e37200000)]
  0x0000022f1bc2d480 JavaThread "DBeaver: Update theme" [_thread_blocked, id=10272, stack(0x0000005e38700000,0x0000005e38800000)]
  0x0000022f1bc2d950 JavaThread "RMI TCP Accept-29705" daemon [_thread_in_native, id=10132, stack(0x0000005e38800000,0x0000005e38900000)]
  0x0000022f1bc2e2f0 JavaThread "RMI TCP Accept-0" daemon [_thread_in_native, id=18144, stack(0x0000005e38900000,0x0000005e38a00000)]
  0x0000022f1bc2bc70 JavaThread "RMI Reaper" [_thread_blocked, id=16536, stack(0x0000005e38a00000,0x0000005e38b00000)]
  0x0000022f1bc2c610 JavaThread "RMI GC Daemon" daemon [_thread_blocked, id=528, stack(0x0000005e38b00000,0x0000005e38c00000)]
  0x0000022f1bc2ec90 JavaThread "Bundle File Closer" daemon [_thread_blocked, id=10584, stack(0x0000005e38d00000,0x0000005e38e00000)]
  0x0000022f1f8773c0 JavaThread "DBeaver: Dump server output" [_thread_blocked, id=2504, stack(0x0000005e38e00000,0x0000005e38f00000)]
  0x0000022f1f8756e0 JavaThread "org.eclipse.jface.text.reconciler.MonoReconciler" daemon [_thread_blocked, id=17224, stack(0x0000005e38f00000,0x0000005e39000000)]
  0x0000022f1f873060 JavaThread "org.eclipse.jface.text.reconciler.MonoReconciler" daemon [_thread_blocked, id=3252, stack(0x0000005e39000000,0x0000005e39100000)]
  0x0000022f1f873530 JavaThread "DBeaver: Dump server output" [_thread_blocked, id=16332, stack(0x0000005e39100000,0x0000005e39200000)]
  0x0000022f1f8743a0 JavaThread "EventAdmin Async Event Dispatcher Thread" daemon [_thread_blocked, id=14488, stack(0x0000005e38c00000,0x0000005e38d00000)]
  0x0000022f1f875bb0 JavaThread "pool-1-thread-1" [_thread_blocked, id=15168, stack(0x0000005e39200000,0x0000005e39300000)]
  0x0000022f1f870040 JavaThread "pool-2-thread-1" [_thread_blocked, id=8020, stack(0x0000005e39300000,0x0000005e39400000)]
  0x0000022f1f874d40 JavaThread "JNA Cleaner" daemon [_thread_blocked, id=3696, stack(0x0000005e39400000,0x0000005e39500000)]
  0x0000022f1f8709e0 JavaThread "Worker-6" [_thread_blocked, id=9616, stack(0x0000005e39600000,0x0000005e39700000)]
  0x0000022f1f876080 JavaThread "Worker-7" [_thread_blocked, id=3364, stack(0x0000005e39700000,0x0000005e39800000)]

Other Threads:
=>0x0000022f1a002e10 VMThread "VM Thread" [stack: 0x0000005e36400000,0x0000005e36500000] [id=12324]
  0x0000022f1ad750b0 WatcherThread [stack: 0x0000005e37000000,0x0000005e37100000] [id=12972]
  0x0000022f04b2ae10 GCTaskThread "GC Thread#0" [stack: 0x0000005e35f00000,0x0000005e36000000] [id=14828]
  0x0000022f1bb948e0 GCTaskThread "GC Thread#1" [stack: 0x0000005e37200000,0x0000005e37300000] [id=13308]
  0x0000022f1bae05b0 GCTaskThread "GC Thread#2" [stack: 0x0000005e37300000,0x0000005e37400000] [id=5588]
  0x0000022f1bae0860 GCTaskThread "GC Thread#3" [stack: 0x0000005e37400000,0x0000005e37500000] [id=18444]
  0x0000022f04b33d50 ConcurrentGCThread "G1 Main Marker" [stack: 0x0000005e36000000,0x0000005e36100000] [id=15044]
  0x0000022f04b36850 ConcurrentGCThread "G1 Conc#0" [stack: 0x0000005e36100000,0x0000005e36200000] [id=11576]
  0x0000022f04b84620 ConcurrentGCThread "G1 Refine#0" [stack: 0x0000005e36200000,0x0000005e36300000] [id=15172]
  0x0000022f1bd158c0 ConcurrentGCThread "G1 Refine#1" [stack: 0x0000005e37600000,0x0000005e37700000] [id=15412]
  0x0000022f1bd1f8d0 ConcurrentGCThread "G1 Refine#2" [stack: 0x0000005e37700000,0x0000005e37800000] [id=8800]
  0x0000022f1bd36030 ConcurrentGCThread "G1 Refine#3" [stack: 0x0000005e37800000,0x0000005e37900000] [id=11344]
  0x0000022f04b87bb0 ConcurrentGCThread "G1 Service" [stack: 0x0000005e36300000,0x0000005e36400000] [id=4980]

Threads with active compile tasks:

VM state: at safepoint (normal execution)

VM Mutex/Monitor currently owned by a thread:  ([mutex/lock_event])
[0x0000022f04aec640] Threads_lock - owner thread: 0x0000022f1a002e10
[0x0000022f04aec010] Heap_lock - owner thread: 0x0000022f04af0380

Heap address: 0x00000000c0000000, size: 1024 MB, Compressed Oops mode: 32-bit

CDS archive(s) not mapped
Compressed class space mapped at: 0x0000000100000000-0x0000000140000000, reserved size: 1073741824
Narrow klass base: 0x0000000000000000, Narrow klass shift: 3, Narrow klass range: 0x140000000

GC Precious Log:
 CPUs: 4 total, 4 available
 Memory: 8175M
 Large Page Support: Disabled
 NUMA Support: Disabled
 Compressed Oops: Enabled (32-bit)
 Heap Region Size: 1M
 Heap Min Capacity: 64M
 Heap Initial Capacity: 64M
 Heap Max Capacity: 1G
 Pre-touch: Disabled
 Parallel Workers: 4
 Concurrent Workers: 1
 Concurrent Refinement Workers: 4
 Periodic GC: Disabled

Heap:
 garbage-first heap   total 301056K, used 125265K [0x00000000c0000000, 0x0000000100000000)
  region size 1024K, 2 young (2048K), 2 survivors (2048K)
 Metaspace       used 61610K, committed 62976K, reserved 1105920K
  class space    used 7424K, committed 8064K, reserved 1048576K

Heap Regions: E=young(eden), S=young(survivor), O=old, HS=humongous(starts), HC=humongous(continues), CS=collection set, F=free, OA=open archive, CA=closed archive, TAMS=top-at-mark-start (previous, next)
|   0|0x00000000c0000000, 0x00000000c0100000, 0x00000000c0100000|100%| O|  |TAMS 0x00000000c0100000, 0x00000000c0000000| Untracked 
|   1|0x00000000c0100000, 0x00000000c0200000, 0x00000000c0200000|100%| O|  |TAMS 0x00000000c0200000, 0x00000000c0100000| Untracked 
|   2|0x00000000c0200000, 0x00000000c0300000, 0x00000000c0300000|100%| O|  |TAMS 0x00000000c0300000, 0x00000000c0200000| Untracked 
|   3|0x00000000c0300000, 0x00000000c0400000, 0x00000000c0400000|100%| O|  |TAMS 0x00000000c0400000, 0x00000000c0300000| Untracked 
|   4|0x00000000c0400000, 0x00000000c0500000, 0x00000000c0500000|100%| O|  |TAMS 0x00000000c0500000, 0x00000000c0400000| Untracked 
|   5|0x00000000c0500000, 0x00000000c0600000, 0x00000000c0600000|100%| O|  |TAMS 0x00000000c0600000, 0x00000000c0500000| Untracked 
|   6|0x00000000c0600000, 0x00000000c0700000, 0x00000000c0700000|100%| O|  |TAMS 0x00000000c0700000, 0x00000000c0600000| Untracked 
|   7|0x00000000c0700000, 0x00000000c0800000, 0x00000000c0800000|100%| O|  |TAMS 0x00000000c0800000, 0x00000000c0700000| Untracked 
|   8|0x00000000c0800000, 0x00000000c0900000, 0x00000000c0900000|100%| O|  |TAMS 0x00000000c0900000, 0x00000000c0800000| Untracked 
|   9|0x00000000c0900000, 0x00000000c0a00000, 0x00000000c0a00000|100%| O|  |TAMS 0x00000000c0a00000, 0x00000000c0900000| Untracked 
|  10|0x00000000c0a00000, 0x00000000c0b00000, 0x00000000c0b00000|100%| O|  |TAMS 0x00000000c0b00000, 0x00000000c0a00000| Untracked 
|  11|0x00000000c0b00000, 0x00000000c0c00000, 0x00000000c0c00000|100%| O|  |TAMS 0x00000000c0c00000, 0x00000000c0b00000| Untracked 
|  12|0x00000000c0c00000, 0x00000000c0d00000, 0x00000000c0d00000|100%| O|  |TAMS 0x00000000c0d00000, 0x00000000c0c00000| Untracked 
|  13|0x00000000c0d00000, 0x00000000c0e00000, 0x00000000c0e00000|100%| O|  |TAMS 0x00000000c0e00000, 0x00000000c0d00000| Untracked 
|  14|0x00000000c0e00000, 0x00000000c0f00000, 0x00000000c0f00000|100%| O|  |TAMS 0x00000000c0f00000, 0x00000000c0e00000| Untracked 
|  15|0x00000000c0f00000, 0x00000000c1000000, 0x00000000c1000000|100%| O|  |TAMS 0x00000000c1000000, 0x00000000c0f00000| Untracked 
|  16|0x00000000c1000000, 0x00000000c1100000, 0x00000000c1100000|100%| O|  |TAMS 0x00000000c1100000, 0x00000000c1000000| Untracked 
|  17|0x00000000c1100000, 0x00000000c1200000, 0x00000000c1200000|100%| O|  |TAMS 0x00000000c1200000, 0x00000000c1100000| Untracked 
|  18|0x00000000c1200000, 0x00000000c1300000, 0x00000000c1300000|100%| O|  |TAMS 0x00000000c1300000, 0x00000000c1200000| Untracked 
|  19|0x00000000c1300000, 0x00000000c1400000, 0x00000000c1400000|100%| O|  |TAMS 0x00000000c1400000, 0x00000000c1300000| Untracked 
|  20|0x00000000c1400000, 0x00000000c1500000, 0x00000000c1500000|100%| O|  |TAMS 0x00000000c1500000, 0x00000000c1400000| Untracked 
|  21|0x00000000c1500000, 0x00000000c1600000, 0x00000000c1600000|100%| O|  |TAMS 0x00000000c1600000, 0x00000000c1500000| Untracked 
|  22|0x00000000c1600000, 0x00000000c1700000, 0x00000000c1700000|100%| O|  |TAMS 0x00000000c1700000, 0x00000000c1600000| Untracked 
|  23|0x00000000c1700000, 0x00000000c1800000, 0x00000000c1800000|100%| O|  |TAMS 0x00000000c1800000, 0x00000000c1700000| Untracked 
|  24|0x00000000c1800000, 0x00000000c1900000, 0x00000000c1900000|100%| O|  |TAMS 0x00000000c1900000, 0x00000000c1800000| Untracked 
|  25|0x00000000c1900000, 0x00000000c1a00000, 0x00000000c1a00000|100%| O|  |TAMS 0x00000000c1a00000, 0x00000000c1900000| Untracked 
|  26|0x00000000c1a00000, 0x00000000c1b00000, 0x00000000c1b00000|100%| O|  |TAMS 0x00000000c1b00000, 0x00000000c1a00000| Untracked 
|  27|0x00000000c1b00000, 0x00000000c1c00000, 0x00000000c1c00000|100%| O|  |TAMS 0x00000000c1c00000, 0x00000000c1b00000| Untracked 
|  28|0x00000000c1c00000, 0x00000000c1d00000, 0x00000000c1d00000|100%| O|  |TAMS 0x00000000c1d00000, 0x00000000c1c00000| Untracked 
|  29|0x00000000c1d00000, 0x00000000c1e00000, 0x00000000c1e00000|100%| O|  |TAMS 0x00000000c1e00000, 0x00000000c1d00000| Untracked 
|  30|0x00000000c1e00000, 0x00000000c1f00000, 0x00000000c1f00000|100%| O|  |TAMS 0x00000000c1f00000, 0x00000000c1e00000| Untracked 
|  31|0x00000000c1f00000, 0x00000000c2000000, 0x00000000c2000000|100%| O|  |TAMS 0x00000000c2000000, 0x00000000c1f00000| Untracked 
|  32|0x00000000c2000000, 0x00000000c2100000, 0x00000000c2100000|100%| O|  |TAMS 0x00000000c2100000, 0x00000000c2000000| Untracked 
|  33|0x00000000c2100000, 0x00000000c2200000, 0x00000000c2200000|100%| O|  |TAMS 0x00000000c2200000, 0x00000000c2100000| Untracked 
|  34|0x00000000c2200000, 0x00000000c2300000, 0x00000000c2300000|100%| O|  |TAMS 0x00000000c2300000, 0x00000000c2200000| Untracked 
|  35|0x00000000c2300000, 0x00000000c2400000, 0x00000000c2400000|100%| O|  |TAMS 0x00000000c2400000, 0x00000000c2300000| Untracked 
|  36|0x00000000c2400000, 0x00000000c2500000, 0x00000000c2500000|100%| O|  |TAMS 0x00000000c2500000, 0x00000000c2400000| Untracked 
|  37|0x00000000c2500000, 0x00000000c2600000, 0x00000000c2600000|100%|HS|  |TAMS 0x00000000c2600000, 0x00000000c2500000| Complete 
|  38|0x00000000c2600000, 0x00000000c2700000, 0x00000000c2700000|100%| O|  |TAMS 0x00000000c2700000, 0x00000000c2600000| Untracked 
|  39|0x00000000c2700000, 0x00000000c2800000, 0x00000000c2800000|100%| O|  |TAMS 0x00000000c2800000, 0x00000000c2700000| Untracked 
|  40|0x00000000c2800000, 0x00000000c2900000, 0x00000000c2900000|100%| O|  |TAMS 0x00000000c2800000, 0x00000000c2800000| Untracked 
|  41|0x00000000c2900000, 0x00000000c2a00000, 0x00000000c2a00000|100%|HS|  |TAMS 0x00000000c2a00000, 0x00000000c2900000| Complete 
|  42|0x00000000c2a00000, 0x00000000c2b00000, 0x00000000c2b00000|100%| O|  |TAMS 0x00000000c2b00000, 0x00000000c2a00000| Untracked 
|  43|0x00000000c2b00000, 0x00000000c2c00000, 0x00000000c2c00000|100%| O|  |TAMS 0x00000000c2c00000, 0x00000000c2b00000| Untracked 
|  44|0x00000000c2c00000, 0x00000000c2d00000, 0x00000000c2d00000|100%| O|  |TAMS 0x00000000c2d00000, 0x00000000c2c00000| Untracked 
|  45|0x00000000c2d00000, 0x00000000c2e00000, 0x00000000c2e00000|100%| O|  |TAMS 0x00000000c2e00000, 0x00000000c2d00000| Untracked 
|  46|0x00000000c2e00000, 0x00000000c2f00000, 0x00000000c2f00000|100%| O|  |TAMS 0x00000000c2f00000, 0x00000000c2e00000| Untracked 
|  47|0x00000000c2f00000, 0x00000000c3000000, 0x00000000c3000000|100%| O|  |TAMS 0x00000000c3000000, 0x00000000c2f00000| Untracked 
|  48|0x00000000c3000000, 0x00000000c3100000, 0x00000000c3100000|100%| O|  |TAMS 0x00000000c3100000, 0x00000000c3000000| Untracked 
|  49|0x00000000c3100000, 0x00000000c3200000, 0x00000000c3200000|100%| O|  |TAMS 0x00000000c3200000, 0x00000000c3100000| Untracked 
|  50|0x00000000c3200000, 0x00000000c3300000, 0x00000000c3300000|100%|HS|  |TAMS 0x00000000c3300000, 0x00000000c3200000| Complete 
|  51|0x00000000c3300000, 0x00000000c3400000, 0x00000000c3400000|100%|HC|  |TAMS 0x00000000c3400000, 0x00000000c3300000| Complete 
|  52|0x00000000c3400000, 0x00000000c3500000, 0x00000000c3500000|100%| O|  |TAMS 0x00000000c3500000, 0x00000000c3400000| Untracked 
|  53|0x00000000c3500000, 0x00000000c3600000, 0x00000000c3600000|100%| O|  |TAMS 0x00000000c3600000, 0x00000000c3500000| Untracked 
|  54|0x00000000c3600000, 0x00000000c3700000, 0x00000000c3700000|100%| O|  |TAMS 0x00000000c3700000, 0x00000000c3600000| Untracked 
|  55|0x00000000c3700000, 0x00000000c3800000, 0x00000000c3800000|100%| O|  |TAMS 0x00000000c3800000, 0x00000000c3700000| Untracked 
|  56|0x00000000c3800000, 0x00000000c3900000, 0x00000000c3900000|100%| O|  |TAMS 0x00000000c3900000, 0x00000000c3800000| Untracked 
|  57|0x00000000c3900000, 0x00000000c3a00000, 0x00000000c3a00000|100%| O|  |TAMS 0x00000000c3a00000, 0x00000000c3900000| Untracked 
|  58|0x00000000c3a00000, 0x00000000c3b00000, 0x00000000c3b00000|100%| O|  |TAMS 0x00000000c3b00000, 0x00000000c3a00000| Untracked 
|  59|0x00000000c3b00000, 0x00000000c3c00000, 0x00000000c3c00000|100%| O|  |TAMS 0x00000000c3b00000, 0x00000000c3b00000| Untracked 
|  60|0x00000000c3c00000, 0x00000000c3d00000, 0x00000000c3d00000|100%| O|  |TAMS 0x00000000c3d00000, 0x00000000c3c00000| Untracked 
|  61|0x00000000c3d00000, 0x00000000c3e00000, 0x00000000c3e00000|100%| O|  |TAMS 0x00000000c3d00000, 0x00000000c3d00000| Untracked 
|  62|0x00000000c3e00000, 0x00000000c3f00000, 0x00000000c3f00000|100%| O|  |TAMS 0x00000000c3f00000, 0x00000000c3e00000| Untracked 
|  63|0x00000000c3f00000, 0x00000000c4000000, 0x00000000c4000000|100%| O|  |TAMS 0x00000000c4000000, 0x00000000c3f00000| Untracked 
|  64|0x00000000c4000000, 0x00000000c4100000, 0x00000000c4100000|100%|HS|  |TAMS 0x00000000c4100000, 0x00000000c4000000| Complete 
|  65|0x00000000c4100000, 0x00000000c4200000, 0x00000000c4200000|100%|HC|  |TAMS 0x00000000c4200000, 0x00000000c4100000| Complete 
|  66|0x00000000c4200000, 0x00000000c4300000, 0x00000000c4300000|100%|HC|  |TAMS 0x00000000c4300000, 0x00000000c4200000| Complete 
|  67|0x00000000c4300000, 0x00000000c4400000, 0x00000000c4400000|100%|HC|  |TAMS 0x00000000c4400000, 0x00000000c4300000| Complete 
|  68|0x00000000c4400000, 0x00000000c4500000, 0x00000000c4500000|100%|HC|  |TAMS 0x00000000c4500000, 0x00000000c4400000| Complete 
|  69|0x00000000c4500000, 0x00000000c4600000, 0x00000000c4600000|100%|HC|  |TAMS 0x00000000c4600000, 0x00000000c4500000| Complete 
|  70|0x00000000c4600000, 0x00000000c4700000, 0x00000000c4700000|100%|HC|  |TAMS 0x00000000c4700000, 0x00000000c4600000| Complete 
|  71|0x00000000c4700000, 0x00000000c4800000, 0x00000000c4800000|100%|HC|  |TAMS 0x00000000c4800000, 0x00000000c4700000| Complete 
|  72|0x00000000c4800000, 0x00000000c4900000, 0x00000000c4900000|100%| O|  |TAMS 0x00000000c4800000, 0x00000000c4800000| Untracked 
|  73|0x00000000c4900000, 0x00000000c4a00000, 0x00000000c4a00000|100%| O|  |TAMS 0x00000000c4a00000, 0x00000000c4900000| Untracked 
|  74|0x00000000c4a00000, 0x00000000c4a00000, 0x00000000c4b00000|  0%| F|  |TAMS 0x00000000c4a00000, 0x00000000c4a00000| Untracked 
|  75|0x00000000c4b00000, 0x00000000c4c00000, 0x00000000c4c00000|100%| O|  |TAMS 0x00000000c4c00000, 0x00000000c4b00000| Untracked 
|  76|0x00000000c4c00000, 0x00000000c4d00000, 0x00000000c4d00000|100%| O|  |TAMS 0x00000000c4d00000, 0x00000000c4c00000| Untracked 
|  77|0x00000000c4d00000, 0x00000000c4e00000, 0x00000000c4e00000|100%| O|  |TAMS 0x00000000c4e00000, 0x00000000c4d00000| Untracked 
|  78|0x00000000c4e00000, 0x00000000c4f00000, 0x00000000c4f00000|100%|HS|  |TAMS 0x00000000c4f00000, 0x00000000c4e00000| Complete 
|  79|0x00000000c4f00000, 0x00000000c5000000, 0x00000000c5000000|100%|HC|  |TAMS 0x00000000c5000000, 0x00000000c4f00000| Complete 
|  80|0x00000000c5000000, 0x00000000c5100000, 0x00000000c5100000|100%|HS|  |TAMS 0x00000000c5100000, 0x00000000c5000000| Complete 
|  81|0x00000000c5100000, 0x00000000c5200000, 0x00000000c5200000|100%|HC|  |TAMS 0x00000000c5200000, 0x00000000c5100000| Complete 
|  82|0x00000000c5200000, 0x00000000c5300000, 0x00000000c5300000|100%| O|  |TAMS 0x00000000c5300000, 0x00000000c5200000| Untracked 
|  83|0x00000000c5300000, 0x00000000c5300000, 0x00000000c5400000|  0%| F|  |TAMS 0x00000000c5300000, 0x00000000c5300000| Untracked 
|  84|0x00000000c5400000, 0x00000000c5500000, 0x00000000c5500000|100%| O|  |TAMS 0x00000000c5500000, 0x00000000c5400000| Untracked 
|  85|0x00000000c5500000, 0x00000000c5600000, 0x00000000c5600000|100%| O|  |TAMS 0x00000000c5600000, 0x00000000c5500000| Untracked 
|  86|0x00000000c5600000, 0x00000000c5700000, 0x00000000c5700000|100%| O|  |TAMS 0x00000000c5700000, 0x00000000c5600000| Untracked 
|  87|0x00000000c5700000, 0x00000000c5800000, 0x00000000c5800000|100%| O|  |TAMS 0x00000000c5800000, 0x00000000c5700000| Untracked 
|  88|0x00000000c5800000, 0x00000000c5900000, 0x00000000c5900000|100%| O|  |TAMS 0x00000000c5900000, 0x00000000c5800000| Untracked 
|  89|0x00000000c5900000, 0x00000000c5a00000, 0x00000000c5a00000|100%| O|  |TAMS 0x00000000c5a00000, 0x00000000c5900000| Untracked 
|  90|0x00000000c5a00000, 0x00000000c5b00000, 0x00000000c5b00000|100%| O|  |TAMS 0x00000000c5b00000, 0x00000000c5a00000| Untracked 
|  91|0x00000000c5b00000, 0x00000000c5c00000, 0x00000000c5c00000|100%| O|  |TAMS 0x00000000c5c00000, 0x00000000c5b00000| Untracked 
|  92|0x00000000c5c00000, 0x00000000c5d00000, 0x00000000c5d00000|100%| O|  |TAMS 0x00000000c5d00000, 0x00000000c5c00000| Untracked 
|  93|0x00000000c5d00000, 0x00000000c5e00000, 0x00000000c5e00000|100%|HS|  |TAMS 0x00000000c5e00000, 0x00000000c5d00000| Complete 
|  94|0x00000000c5e00000, 0x00000000c5f00000, 0x00000000c5f00000|100%|HC|  |TAMS 0x00000000c5f00000, 0x00000000c5e00000| Complete 
|  95|0x00000000c5f00000, 0x00000000c6000000, 0x00000000c6000000|100%| O|  |TAMS 0x00000000c6000000, 0x00000000c5f00000| Untracked 
|  96|0x00000000c6000000, 0x00000000c6100000, 0x00000000c6100000|100%| O|  |TAMS 0x00000000c6100000, 0x00000000c6000000| Untracked 
|  97|0x00000000c6100000, 0x00000000c6200000, 0x00000000c6200000|100%| O|  |TAMS 0x00000000c6200000, 0x00000000c6100000| Untracked 
|  98|0x00000000c6200000, 0x00000000c6300000, 0x00000000c6300000|100%| O|  |TAMS 0x00000000c6300000, 0x00000000c6200000| Untracked 
|  99|0x00000000c6300000, 0x00000000c6400000, 0x00000000c6400000|100%| O|  |TAMS 0x00000000c6400000, 0x00000000c6300000| Untracked 
| 100|0x00000000c6400000, 0x00000000c6500000, 0x00000000c6500000|100%| O|  |TAMS 0x00000000c6500000, 0x00000000c6400000| Untracked 
| 101|0x00000000c6500000, 0x00000000c6600000, 0x00000000c6600000|100%| O|  |TAMS 0x00000000c6600000, 0x00000000c6500000| Untracked 
| 102|0x00000000c6600000, 0x00000000c6700000, 0x00000000c6700000|100%| O|  |TAMS 0x00000000c6700000, 0x00000000c6600000| Untracked 
| 103|0x00000000c6700000, 0x00000000c6800000, 0x00000000c6800000|100%| O|  |TAMS 0x00000000c6800000, 0x00000000c6700000| Untracked 
| 104|0x00000000c6800000, 0x00000000c6900000, 0x00000000c6900000|100%|HS|  |TAMS 0x00000000c6900000, 0x00000000c6800000| Complete 
| 105|0x00000000c6900000, 0x00000000c6a00000, 0x00000000c6a00000|100%|HC|  |TAMS 0x00000000c6a00000, 0x00000000c6900000| Complete 
| 106|0x00000000c6a00000, 0x00000000c6b00000, 0x00000000c6b00000|100%|HC|  |TAMS 0x00000000c6b00000, 0x00000000c6a00000| Complete 
| 107|0x00000000c6b00000, 0x00000000c6c00000, 0x00000000c6c00000|100%| O|  |TAMS 0x00000000c6c00000, 0x00000000c6b00000| Untracked 
| 108|0x00000000c6c00000, 0x00000000c6d00000, 0x00000000c6d00000|100%| O|  |TAMS 0x00000000c6d00000, 0x00000000c6c00000| Untracked 
| 109|0x00000000c6d00000, 0x00000000c6e00000, 0x00000000c6e00000|100%| O|  |TAMS 0x00000000c6e00000, 0x00000000c6d00000| Untracked 
| 110|0x00000000c6e00000, 0x00000000c6e00000, 0x00000000c6f00000|  0%| F|  |TAMS 0x00000000c6e00000, 0x00000000c6e00000| Untracked 
| 111|0x00000000c6f00000, 0x00000000c7000000, 0x00000000c7000000|100%| O|  |TAMS 0x00000000c7000000, 0x00000000c6f00000| Untracked 
| 112|0x00000000c7000000, 0x00000000c7100000, 0x00000000c7100000|100%| O|  |TAMS 0x00000000c709de00, 0x00000000c7000000| Untracked 
| 113|0x00000000c7100000, 0x00000000c7200000, 0x00000000c7200000|100%|HS|  |TAMS 0x00000000c7100000, 0x00000000c7100000| Complete 
| 114|0x00000000c7200000, 0x00000000c7300000, 0x00000000c7300000|100%|HC|  |TAMS 0x00000000c7200000, 0x00000000c7200000| Complete 
| 115|0x00000000c7300000, 0x00000000c7400000, 0x00000000c7400000|100%| O|  |TAMS 0x00000000c7300000, 0x00000000c7300000| Untracked 
| 116|0x00000000c7400000, 0x00000000c7500000, 0x00000000c7500000|100%| O|  |TAMS 0x00000000c7400000, 0x00000000c7400000| Untracked 
| 117|0x00000000c7500000, 0x00000000c7600000, 0x00000000c7600000|100%| O|  |TAMS 0x00000000c7500000, 0x00000000c7500000| Untracked 
| 118|0x00000000c7600000, 0x00000000c7700000, 0x00000000c7700000|100%| O|  |TAMS 0x00000000c7600000, 0x00000000c7600000| Untracked 
| 119|0x00000000c7700000, 0x00000000c7800000, 0x00000000c7800000|100%| O|  |TAMS 0x00000000c7700000, 0x00000000c7700000| Untracked 
| 120|0x00000000c7800000, 0x00000000c7900000, 0x00000000c7900000|100%| O|  |TAMS 0x00000000c7800000, 0x00000000c7800000| Untracked 
| 121|0x00000000c7900000, 0x00000000c7a00000, 0x00000000c7a00000|100%| O|  |TAMS 0x00000000c7900000, 0x00000000c7900000| Untracked 
| 122|0x00000000c7a00000, 0x00000000c7b00000, 0x00000000c7b00000|100%| O|  |TAMS 0x00000000c7a00000, 0x00000000c7a00000| Untracked 
| 123|0x00000000c7b00000, 0x00000000c7bd7e00, 0x00000000c7c00000| 84%| O|  |TAMS 0x00000000c7b00000, 0x00000000c7b00000| Untracked 
| 124|0x00000000c7c00000, 0x00000000c7c00000, 0x00000000c7d00000|  0%| F|  |TAMS 0x00000000c7c00000, 0x00000000c7c00000| Untracked 
| 125|0x00000000c7d00000, 0x00000000c7d00000, 0x00000000c7e00000|  0%| F|  |TAMS 0x00000000c7d00000, 0x00000000c7d00000| Untracked 
| 126|0x00000000c7e00000, 0x00000000c7e00000, 0x00000000c7f00000|  0%| F|  |TAMS 0x00000000c7e00000, 0x00000000c7e00000| Untracked 
| 127|0x00000000c7f00000, 0x00000000c7f00000, 0x00000000c8000000|  0%| F|  |TAMS 0x00000000c7f00000, 0x00000000c7f00000| Untracked 
| 128|0x00000000c8000000, 0x00000000c8000000, 0x00000000c8100000|  0%| F|  |TAMS 0x00000000c8000000, 0x00000000c8000000| Untracked 
| 129|0x00000000c8100000, 0x00000000c8100000, 0x00000000c8200000|  0%| F|  |TAMS 0x00000000c8100000, 0x00000000c8100000| Untracked 
| 130|0x00000000c8200000, 0x00000000c8200000, 0x00000000c8300000|  0%| F|  |TAMS 0x00000000c8200000, 0x00000000c8200000| Untracked 
| 131|0x00000000c8300000, 0x00000000c8300000, 0x00000000c8400000|  0%| F|  |TAMS 0x00000000c8300000, 0x00000000c8300000| Untracked 
| 132|0x00000000c8400000, 0x00000000c8400000, 0x00000000c8500000|  0%| F|  |TAMS 0x00000000c8400000, 0x00000000c8400000| Untracked 
| 133|0x00000000c8500000, 0x00000000c8500000, 0x00000000c8600000|  0%| F|  |TAMS 0x00000000c8500000, 0x00000000c8500000| Untracked 
| 134|0x00000000c8600000, 0x00000000c8600000, 0x00000000c8700000|  0%| F|  |TAMS 0x00000000c8600000, 0x00000000c8600000| Untracked 
| 135|0x00000000c8700000, 0x00000000c8700000, 0x00000000c8800000|  0%| F|  |TAMS 0x00000000c8700000, 0x00000000c8700000| Untracked 
| 136|0x00000000c8800000, 0x00000000c8800000, 0x00000000c8900000|  0%| F|  |TAMS 0x00000000c8800000, 0x00000000c8800000| Untracked 
| 137|0x00000000c8900000, 0x00000000c8900000, 0x00000000c8a00000|  0%| F|  |TAMS 0x00000000c8900000, 0x00000000c8900000| Untracked 
| 138|0x00000000c8a00000, 0x00000000c8a00000, 0x00000000c8b00000|  0%| F|  |TAMS 0x00000000c8a00000, 0x00000000c8a00000| Untracked 
| 139|0x00000000c8b00000, 0x00000000c8b00000, 0x00000000c8c00000|  0%| F|  |TAMS 0x00000000c8b00000, 0x00000000c8b00000| Untracked 
| 140|0x00000000c8c00000, 0x00000000c8c00000, 0x00000000c8d00000|  0%| F|  |TAMS 0x00000000c8c00000, 0x00000000c8c00000| Untracked 
| 141|0x00000000c8d00000, 0x00000000c8d00000, 0x00000000c8e00000|  0%| F|  |TAMS 0x00000000c8d00000, 0x00000000c8d00000| Untracked 
| 142|0x00000000c8e00000, 0x00000000c8e00000, 0x00000000c8f00000|  0%| F|  |TAMS 0x00000000c8e00000, 0x00000000c8e00000| Untracked 
| 143|0x00000000c8f00000, 0x00000000c8f00000, 0x00000000c9000000|  0%| F|  |TAMS 0x00000000c8f00000, 0x00000000c8f00000| Untracked 
| 144|0x00000000c9000000, 0x00000000c9000000, 0x00000000c9100000|  0%| F|  |TAMS 0x00000000c9000000, 0x00000000c9000000| Untracked 
| 145|0x00000000c9100000, 0x00000000c9100000, 0x00000000c9200000|  0%| F|  |TAMS 0x00000000c9100000, 0x00000000c9100000| Untracked 
| 146|0x00000000c9200000, 0x00000000c9200000, 0x00000000c9300000|  0%| F|  |TAMS 0x00000000c9200000, 0x00000000c9200000| Untracked 
| 147|0x00000000c9300000, 0x00000000c9300000, 0x00000000c9400000|  0%| F|  |TAMS 0x00000000c9300000, 0x00000000c9300000| Untracked 
| 148|0x00000000c9400000, 0x00000000c9400000, 0x00000000c9500000|  0%| F|  |TAMS 0x00000000c9400000, 0x00000000c9400000| Untracked 
| 149|0x00000000c9500000, 0x00000000c9500000, 0x00000000c9600000|  0%| F|  |TAMS 0x00000000c9500000, 0x00000000c9500000| Untracked 
| 150|0x00000000c9600000, 0x00000000c9600000, 0x00000000c9700000|  0%| F|  |TAMS 0x00000000c9600000, 0x00000000c9600000| Untracked 
| 151|0x00000000c9700000, 0x00000000c9700000, 0x00000000c9800000|  0%| F|  |TAMS 0x00000000c9700000, 0x00000000c9700000| Untracked 
| 152|0x00000000c9800000, 0x00000000c9800000, 0x00000000c9900000|  0%| F|  |TAMS 0x00000000c9800000, 0x00000000c9800000| Untracked 
| 153|0x00000000c9900000, 0x00000000c9900000, 0x00000000c9a00000|  0%| F|  |TAMS 0x00000000c9900000, 0x00000000c9900000| Untracked 
| 154|0x00000000c9a00000, 0x00000000c9a00000, 0x00000000c9b00000|  0%| F|  |TAMS 0x00000000c9a00000, 0x00000000c9a00000| Untracked 
| 155|0x00000000c9b00000, 0x00000000c9b00000, 0x00000000c9c00000|  0%| F|  |TAMS 0x00000000c9b00000, 0x00000000c9b00000| Untracked 
| 156|0x00000000c9c00000, 0x00000000c9c00000, 0x00000000c9d00000|  0%| F|  |TAMS 0x00000000c9c00000, 0x00000000c9c00000| Untracked 
| 157|0x00000000c9d00000, 0x00000000c9d00000, 0x00000000c9e00000|  0%| F|  |TAMS 0x00000000c9d00000, 0x00000000c9d00000| Untracked 
| 158|0x00000000c9e00000, 0x00000000c9e00000, 0x00000000c9f00000|  0%| F|  |TAMS 0x00000000c9e00000, 0x00000000c9e00000| Untracked 
| 159|0x00000000c9f00000, 0x00000000c9f00000, 0x00000000ca000000|  0%| F|  |TAMS 0x00000000c9f00000, 0x00000000c9f00000| Untracked 
| 160|0x00000000ca000000, 0x00000000ca000000, 0x00000000ca100000|  0%| F|  |TAMS 0x00000000ca000000, 0x00000000ca000000| Untracked 
| 161|0x00000000ca100000, 0x00000000ca100000, 0x00000000ca200000|  0%| F|  |TAMS 0x00000000ca100000, 0x00000000ca100000| Untracked 
| 162|0x00000000ca200000, 0x00000000ca200000, 0x00000000ca300000|  0%| F|  |TAMS 0x00000000ca200000, 0x00000000ca200000| Untracked 
| 163|0x00000000ca300000, 0x00000000ca300000, 0x00000000ca400000|  0%| F|  |TAMS 0x00000000ca300000, 0x00000000ca300000| Untracked 
| 164|0x00000000ca400000, 0x00000000ca400000, 0x00000000ca500000|  0%| F|  |TAMS 0x00000000ca400000, 0x00000000ca400000| Untracked 
| 165|0x00000000ca500000, 0x00000000ca500000, 0x00000000ca600000|  0%| F|  |TAMS 0x00000000ca500000, 0x00000000ca500000| Untracked 
| 166|0x00000000ca600000, 0x00000000ca600000, 0x00000000ca700000|  0%| F|  |TAMS 0x00000000ca600000, 0x00000000ca600000| Untracked 
| 167|0x00000000ca700000, 0x00000000ca700000, 0x00000000ca800000|  0%| F|  |TAMS 0x00000000ca700000, 0x00000000ca700000| Untracked 
| 168|0x00000000ca800000, 0x00000000ca800000, 0x00000000ca900000|  0%| F|  |TAMS 0x00000000ca800000, 0x00000000ca800000| Untracked 
| 169|0x00000000ca900000, 0x00000000ca900000, 0x00000000caa00000|  0%| F|  |TAMS 0x00000000ca900000, 0x00000000ca900000| Untracked 
| 170|0x00000000caa00000, 0x00000000caa00000, 0x00000000cab00000|  0%| F|  |TAMS 0x00000000caa00000, 0x00000000caa00000| Untracked 
| 171|0x00000000cab00000, 0x00000000cab00000, 0x00000000cac00000|  0%| F|  |TAMS 0x00000000cab00000, 0x00000000cab00000| Untracked 
| 172|0x00000000cac00000, 0x00000000cac00000, 0x00000000cad00000|  0%| F|  |TAMS 0x00000000cac00000, 0x00000000cac00000| Untracked 
| 173|0x00000000cad00000, 0x00000000cad00000, 0x00000000cae00000|  0%| F|  |TAMS 0x00000000cad00000, 0x00000000cad00000| Untracked 
| 174|0x00000000cae00000, 0x00000000cae00000, 0x00000000caf00000|  0%| F|  |TAMS 0x00000000cae00000, 0x00000000cae00000| Untracked 
| 175|0x00000000caf00000, 0x00000000caf00000, 0x00000000cb000000|  0%| F|  |TAMS 0x00000000caf00000, 0x00000000caf00000| Untracked 
| 176|0x00000000cb000000, 0x00000000cb000000, 0x00000000cb100000|  0%| F|  |TAMS 0x00000000cb000000, 0x00000000cb000000| Untracked 
| 177|0x00000000cb100000, 0x00000000cb100000, 0x00000000cb200000|  0%| F|  |TAMS 0x00000000cb100000, 0x00000000cb100000| Untracked 
| 178|0x00000000cb200000, 0x00000000cb200000, 0x00000000cb300000|  0%| F|  |TAMS 0x00000000cb200000, 0x00000000cb200000| Untracked 
| 179|0x00000000cb300000, 0x00000000cb300000, 0x00000000cb400000|  0%| F|  |TAMS 0x00000000cb300000, 0x00000000cb300000| Untracked 
| 180|0x00000000cb400000, 0x00000000cb400000, 0x00000000cb500000|  0%| F|  |TAMS 0x00000000cb400000, 0x00000000cb400000| Untracked 
| 181|0x00000000cb500000, 0x00000000cb500000, 0x00000000cb600000|  0%| F|  |TAMS 0x00000000cb500000, 0x00000000cb500000| Untracked 
| 182|0x00000000cb600000, 0x00000000cb600000, 0x00000000cb700000|  0%| F|  |TAMS 0x00000000cb600000, 0x00000000cb600000| Untracked 
| 183|0x00000000cb700000, 0x00000000cb700000, 0x00000000cb800000|  0%| F|  |TAMS 0x00000000cb700000, 0x00000000cb700000| Untracked 
| 184|0x00000000cb800000, 0x00000000cb800000, 0x00000000cb900000|  0%| F|  |TAMS 0x00000000cb800000, 0x00000000cb800000| Untracked 
| 185|0x00000000cb900000, 0x00000000cb900000, 0x00000000cba00000|  0%| F|  |TAMS 0x00000000cb900000, 0x00000000cb900000| Untracked 
| 186|0x00000000cba00000, 0x00000000cba00000, 0x00000000cbb00000|  0%| F|  |TAMS 0x00000000cba00000, 0x00000000cba00000| Untracked 
| 187|0x00000000cbb00000, 0x00000000cbb00000, 0x00000000cbc00000|  0%| F|  |TAMS 0x00000000cbb00000, 0x00000000cbb00000| Untracked 
| 188|0x00000000cbc00000, 0x00000000cbc00000, 0x00000000cbd00000|  0%| F|  |TAMS 0x00000000cbc00000, 0x00000000cbc00000| Untracked 
| 189|0x00000000cbd00000, 0x00000000cbd00000, 0x00000000cbe00000|  0%| F|  |TAMS 0x00000000cbd00000, 0x00000000cbd00000| Untracked 
| 190|0x00000000cbe00000, 0x00000000cbe00000, 0x00000000cbf00000|  0%| F|  |TAMS 0x00000000cbe00000, 0x00000000cbe00000| Untracked 
| 191|0x00000000cbf00000, 0x00000000cbf00000, 0x00000000cc000000|  0%| F|  |TAMS 0x00000000cbf00000, 0x00000000cbf00000| Untracked 
| 192|0x00000000cc000000, 0x00000000cc000000, 0x00000000cc100000|  0%| F|  |TAMS 0x00000000cc000000, 0x00000000cc000000| Untracked 
| 193|0x00000000cc100000, 0x00000000cc100000, 0x00000000cc200000|  0%| F|  |TAMS 0x00000000cc100000, 0x00000000cc100000| Untracked 
| 194|0x00000000cc200000, 0x00000000cc200000, 0x00000000cc300000|  0%| F|  |TAMS 0x00000000cc200000, 0x00000000cc200000| Untracked 
| 195|0x00000000cc300000, 0x00000000cc300000, 0x00000000cc400000|  0%| F|  |TAMS 0x00000000cc300000, 0x00000000cc300000| Untracked 
| 196|0x00000000cc400000, 0x00000000cc400000, 0x00000000cc500000|  0%| F|  |TAMS 0x00000000cc400000, 0x00000000cc400000| Untracked 
| 197|0x00000000cc500000, 0x00000000cc500000, 0x00000000cc600000|  0%| F|  |TAMS 0x00000000cc500000, 0x00000000cc500000| Untracked 
| 198|0x00000000cc600000, 0x00000000cc600000, 0x00000000cc700000|  0%| F|  |TAMS 0x00000000cc600000, 0x00000000cc600000| Untracked 
| 199|0x00000000cc700000, 0x00000000cc700000, 0x00000000cc800000|  0%| F|  |TAMS 0x00000000cc700000, 0x00000000cc700000| Untracked 
| 200|0x00000000cc800000, 0x00000000cc800000, 0x00000000cc900000|  0%| F|  |TAMS 0x00000000cc800000, 0x00000000cc800000| Untracked 
| 201|0x00000000cc900000, 0x00000000cc900000, 0x00000000cca00000|  0%| F|  |TAMS 0x00000000cc900000, 0x00000000cc900000| Untracked 
| 202|0x00000000cca00000, 0x00000000cca00000, 0x00000000ccb00000|  0%| F|  |TAMS 0x00000000cca00000, 0x00000000cca00000| Untracked 
| 203|0x00000000ccb00000, 0x00000000ccb00000, 0x00000000ccc00000|  0%| F|  |TAMS 0x00000000ccb00000, 0x00000000ccb00000| Untracked 
| 204|0x00000000ccc00000, 0x00000000ccc00000, 0x00000000ccd00000|  0%| F|  |TAMS 0x00000000ccc00000, 0x00000000ccc00000| Untracked 
| 205|0x00000000ccd00000, 0x00000000ccd00000, 0x00000000cce00000|  0%| F|  |TAMS 0x00000000ccd00000, 0x00000000ccd00000| Untracked 
| 206|0x00000000cce00000, 0x00000000cce00000, 0x00000000ccf00000|  0%| F|  |TAMS 0x00000000cce00000, 0x00000000cce00000| Untracked 
| 207|0x00000000ccf00000, 0x00000000ccf00000, 0x00000000cd000000|  0%| F|  |TAMS 0x00000000ccf00000, 0x00000000ccf00000| Untracked 
| 208|0x00000000cd000000, 0x00000000cd000000, 0x00000000cd100000|  0%| F|  |TAMS 0x00000000cd000000, 0x00000000cd000000| Untracked 
| 209|0x00000000cd100000, 0x00000000cd100000, 0x00000000cd200000|  0%| F|  |TAMS 0x00000000cd100000, 0x00000000cd100000| Untracked 
| 210|0x00000000cd200000, 0x00000000cd200000, 0x00000000cd300000|  0%| F|  |TAMS 0x00000000cd200000, 0x00000000cd200000| Untracked 
| 211|0x00000000cd300000, 0x00000000cd300000, 0x00000000cd400000|  0%| F|  |TAMS 0x00000000cd300000, 0x00000000cd300000| Untracked 
| 212|0x00000000cd400000, 0x00000000cd400000, 0x00000000cd500000|  0%| F|  |TAMS 0x00000000cd400000, 0x00000000cd400000| Untracked 
| 213|0x00000000cd500000, 0x00000000cd500000, 0x00000000cd600000|  0%| F|  |TAMS 0x00000000cd500000, 0x00000000cd500000| Untracked 
| 214|0x00000000cd600000, 0x00000000cd600000, 0x00000000cd700000|  0%| F|  |TAMS 0x00000000cd600000, 0x00000000cd600000| Untracked 
| 215|0x00000000cd700000, 0x00000000cd700000, 0x00000000cd800000|  0%| F|  |TAMS 0x00000000cd700000, 0x00000000cd700000| Untracked 
| 216|0x00000000cd800000, 0x00000000cd800000, 0x00000000cd900000|  0%| F|  |TAMS 0x00000000cd800000, 0x00000000cd800000| Untracked 
| 217|0x00000000cd900000, 0x00000000cd900000, 0x00000000cda00000|  0%| F|  |TAMS 0x00000000cd900000, 0x00000000cd900000| Untracked 
| 218|0x00000000cda00000, 0x00000000cda00000, 0x00000000cdb00000|  0%| F|  |TAMS 0x00000000cda00000, 0x00000000cda00000| Untracked 
| 219|0x00000000cdb00000, 0x00000000cdb00000, 0x00000000cdc00000|  0%| F|  |TAMS 0x00000000cdb00000, 0x00000000cdb00000| Untracked 
| 220|0x00000000cdc00000, 0x00000000cdc00000, 0x00000000cdd00000|  0%| F|  |TAMS 0x00000000cdc00000, 0x00000000cdc00000| Untracked 
| 221|0x00000000cdd00000, 0x00000000cdd00000, 0x00000000cde00000|  0%| F|  |TAMS 0x00000000cdd00000, 0x00000000cdd00000| Untracked 
| 222|0x00000000cde00000, 0x00000000cde00000, 0x00000000cdf00000|  0%| F|  |TAMS 0x00000000cde00000, 0x00000000cde00000| Untracked 
| 223|0x00000000cdf00000, 0x00000000cdf00000, 0x00000000ce000000|  0%| F|  |TAMS 0x00000000cdf00000, 0x00000000cdf00000| Untracked 
| 224|0x00000000ce000000, 0x00000000ce000000, 0x00000000ce100000|  0%| F|  |TAMS 0x00000000ce000000, 0x00000000ce000000| Untracked 
| 225|0x00000000ce100000, 0x00000000ce100000, 0x00000000ce200000|  0%| F|  |TAMS 0x00000000ce100000, 0x00000000ce100000| Untracked 
| 226|0x00000000ce200000, 0x00000000ce200000, 0x00000000ce300000|  0%| F|  |TAMS 0x00000000ce200000, 0x00000000ce200000| Untracked 
| 227|0x00000000ce300000, 0x00000000ce300000, 0x00000000ce400000|  0%| F|  |TAMS 0x00000000ce300000, 0x00000000ce300000| Untracked 
| 228|0x00000000ce400000, 0x00000000ce400000, 0x00000000ce500000|  0%| F|  |TAMS 0x00000000ce400000, 0x00000000ce400000| Untracked 
| 229|0x00000000ce500000, 0x00000000ce500000, 0x00000000ce600000|  0%| F|  |TAMS 0x00000000ce500000, 0x00000000ce500000| Untracked 
| 230|0x00000000ce600000, 0x00000000ce600000, 0x00000000ce700000|  0%| F|  |TAMS 0x00000000ce600000, 0x00000000ce600000| Untracked 
| 231|0x00000000ce700000, 0x00000000ce700000, 0x00000000ce800000|  0%| F|  |TAMS 0x00000000ce700000, 0x00000000ce700000| Untracked 
| 232|0x00000000ce800000, 0x00000000ce800000, 0x00000000ce900000|  0%| F|  |TAMS 0x00000000ce800000, 0x00000000ce800000| Untracked 
| 233|0x00000000ce900000, 0x00000000ce900000, 0x00000000cea00000|  0%| F|  |TAMS 0x00000000ce900000, 0x00000000ce900000| Untracked 
| 234|0x00000000cea00000, 0x00000000cea00000, 0x00000000ceb00000|  0%| F|  |TAMS 0x00000000cea00000, 0x00000000cea00000| Untracked 
| 235|0x00000000ceb00000, 0x00000000ceb00000, 0x00000000cec00000|  0%| F|  |TAMS 0x00000000ceb00000, 0x00000000ceb00000| Untracked 
| 236|0x00000000cec00000, 0x00000000cec00000, 0x00000000ced00000|  0%| F|  |TAMS 0x00000000cec00000, 0x00000000cec00000| Untracked 
| 237|0x00000000ced00000, 0x00000000ced00000, 0x00000000cee00000|  0%| F|  |TAMS 0x00000000ced00000, 0x00000000ced00000| Untracked 
| 238|0x00000000cee00000, 0x00000000cee00000, 0x00000000cef00000|  0%| F|  |TAMS 0x00000000cee00000, 0x00000000cee00000| Untracked 
| 239|0x00000000cef00000, 0x00000000cef00000, 0x00000000cf000000|  0%| F|  |TAMS 0x00000000cef00000, 0x00000000cef00000| Untracked 
| 240|0x00000000cf000000, 0x00000000cf000000, 0x00000000cf100000|  0%| F|  |TAMS 0x00000000cf000000, 0x00000000cf000000| Untracked 
| 241|0x00000000cf100000, 0x00000000cf100000, 0x00000000cf200000|  0%| F|  |TAMS 0x00000000cf100000, 0x00000000cf100000| Untracked 
| 242|0x00000000cf200000, 0x00000000cf200000, 0x00000000cf300000|  0%| F|  |TAMS 0x00000000cf200000, 0x00000000cf200000| Untracked 
| 243|0x00000000cf300000, 0x00000000cf300000, 0x00000000cf400000|  0%| F|  |TAMS 0x00000000cf300000, 0x00000000cf300000| Untracked 
| 244|0x00000000cf400000, 0x00000000cf400000, 0x00000000cf500000|  0%| F|  |TAMS 0x00000000cf400000, 0x00000000cf400000| Untracked 
| 245|0x00000000cf500000, 0x00000000cf500000, 0x00000000cf600000|  0%| F|  |TAMS 0x00000000cf500000, 0x00000000cf500000| Untracked 
| 246|0x00000000cf600000, 0x00000000cf600000, 0x00000000cf700000|  0%| F|  |TAMS 0x00000000cf600000, 0x00000000cf600000| Untracked 
| 247|0x00000000cf700000, 0x00000000cf700000, 0x00000000cf800000|  0%| F|  |TAMS 0x00000000cf700000, 0x00000000cf700000| Untracked 
| 248|0x00000000cf800000, 0x00000000cf800000, 0x00000000cf900000|  0%| F|  |TAMS 0x00000000cf800000, 0x00000000cf800000| Untracked 
| 249|0x00000000cf900000, 0x00000000cf900000, 0x00000000cfa00000|  0%| F|  |TAMS 0x00000000cf900000, 0x00000000cf900000| Untracked 
| 250|0x00000000cfa00000, 0x00000000cfa00000, 0x00000000cfb00000|  0%| F|  |TAMS 0x00000000cfa00000, 0x00000000cfa00000| Untracked 
| 251|0x00000000cfb00000, 0x00000000cfb00000, 0x00000000cfc00000|  0%| F|  |TAMS 0x00000000cfb00000, 0x00000000cfb00000| Untracked 
| 252|0x00000000cfc00000, 0x00000000cfc00000, 0x00000000cfd00000|  0%| F|  |TAMS 0x00000000cfc00000, 0x00000000cfc00000| Untracked 
| 253|0x00000000cfd00000, 0x00000000cfd00000, 0x00000000cfe00000|  0%| F|  |TAMS 0x00000000cfd00000, 0x00000000cfd00000| Untracked 
| 254|0x00000000cfe00000, 0x00000000cfe00000, 0x00000000cff00000|  0%| F|  |TAMS 0x00000000cfe00000, 0x00000000cfe00000| Untracked 
| 255|0x00000000cff00000, 0x00000000cff00000, 0x00000000d0000000|  0%| F|  |TAMS 0x00000000cff00000, 0x00000000cff00000| Untracked 
| 256|0x00000000d0000000, 0x00000000d0000000, 0x00000000d0100000|  0%| F|  |TAMS 0x00000000d0000000, 0x00000000d0000000| Untracked 
| 257|0x00000000d0100000, 0x00000000d0100000, 0x00000000d0200000|  0%| F|  |TAMS 0x00000000d0100000, 0x00000000d0100000| Untracked 
| 258|0x00000000d0200000, 0x00000000d0200000, 0x00000000d0300000|  0%| F|  |TAMS 0x00000000d0200000, 0x00000000d0200000| Untracked 
| 259|0x00000000d0300000, 0x00000000d0300000, 0x00000000d0400000|  0%| F|  |TAMS 0x00000000d0300000, 0x00000000d0300000| Untracked 
| 260|0x00000000d0400000, 0x00000000d0400000, 0x00000000d0500000|  0%| F|  |TAMS 0x00000000d0400000, 0x00000000d0400000| Untracked 
| 261|0x00000000d0500000, 0x00000000d0500000, 0x00000000d0600000|  0%| F|  |TAMS 0x00000000d0500000, 0x00000000d0500000| Untracked 
| 262|0x00000000d0600000, 0x00000000d0600000, 0x00000000d0700000|  0%| F|  |TAMS 0x00000000d0600000, 0x00000000d0600000| Untracked 
| 263|0x00000000d0700000, 0x00000000d0700000, 0x00000000d0800000|  0%| F|  |TAMS 0x00000000d0700000, 0x00000000d0700000| Untracked 
| 264|0x00000000d0800000, 0x00000000d0800000, 0x00000000d0900000|  0%| F|  |TAMS 0x00000000d0800000, 0x00000000d0800000| Untracked 
| 265|0x00000000d0900000, 0x00000000d0900000, 0x00000000d0a00000|  0%| F|  |TAMS 0x00000000d0900000, 0x00000000d0900000| Untracked 
| 266|0x00000000d0a00000, 0x00000000d0a00000, 0x00000000d0b00000|  0%| F|  |TAMS 0x00000000d0a00000, 0x00000000d0a00000| Untracked 
| 267|0x00000000d0b00000, 0x00000000d0b00000, 0x00000000d0c00000|  0%| F|  |TAMS 0x00000000d0b00000, 0x00000000d0b00000| Untracked 
| 268|0x00000000d0c00000, 0x00000000d0c00000, 0x00000000d0d00000|  0%| F|  |TAMS 0x00000000d0c00000, 0x00000000d0c00000| Untracked 
| 269|0x00000000d0d00000, 0x00000000d0d00000, 0x00000000d0e00000|  0%| F|  |TAMS 0x00000000d0d00000, 0x00000000d0d00000| Untracked 
| 270|0x00000000d0e00000, 0x00000000d0e00000, 0x00000000d0f00000|  0%| F|  |TAMS 0x00000000d0e00000, 0x00000000d0e00000| Untracked 
| 271|0x00000000d0f00000, 0x00000000d0f00000, 0x00000000d1000000|  0%| F|  |TAMS 0x00000000d0f00000, 0x00000000d0f00000| Untracked 
| 272|0x00000000d1000000, 0x00000000d1000000, 0x00000000d1100000|  0%| F|  |TAMS 0x00000000d1000000, 0x00000000d1000000| Untracked 
| 273|0x00000000d1100000, 0x00000000d1100000, 0x00000000d1200000|  0%| F|  |TAMS 0x00000000d1100000, 0x00000000d1100000| Untracked 
| 274|0x00000000d1200000, 0x00000000d1200000, 0x00000000d1300000|  0%| F|  |TAMS 0x00000000d1200000, 0x00000000d1200000| Untracked 
| 275|0x00000000d1300000, 0x00000000d1300000, 0x00000000d1400000|  0%| F|  |TAMS 0x00000000d1300000, 0x00000000d1300000| Untracked 
| 276|0x00000000d1400000, 0x00000000d1400000, 0x00000000d1500000|  0%| F|  |TAMS 0x00000000d1400000, 0x00000000d1400000| Untracked 
| 277|0x00000000d1500000, 0x00000000d1500000, 0x00000000d1600000|  0%| F|  |TAMS 0x00000000d1500000, 0x00000000d1500000| Untracked 
| 278|0x00000000d1600000, 0x00000000d1600000, 0x00000000d1700000|  0%| F|  |TAMS 0x00000000d1600000, 0x00000000d1600000| Untracked 
| 279|0x00000000d1700000, 0x00000000d1700000, 0x00000000d1800000|  0%| F|  |TAMS 0x00000000d1700000, 0x00000000d1700000| Untracked 
| 280|0x00000000d1800000, 0x00000000d1800000, 0x00000000d1900000|  0%| F|  |TAMS 0x00000000d1800000, 0x00000000d1800000| Untracked 
| 281|0x00000000d1900000, 0x00000000d1900000, 0x00000000d1a00000|  0%| F|  |TAMS 0x00000000d1900000, 0x00000000d1900000| Untracked 
| 282|0x00000000d1a00000, 0x00000000d1a00000, 0x00000000d1b00000|  0%| F|  |TAMS 0x00000000d1a00000, 0x00000000d1a00000| Untracked 
| 283|0x00000000d1b00000, 0x00000000d1b00000, 0x00000000d1c00000|  0%| F|  |TAMS 0x00000000d1b00000, 0x00000000d1b00000| Untracked 
| 284|0x00000000d1c00000, 0x00000000d1c00000, 0x00000000d1d00000|  0%| F|  |TAMS 0x00000000d1c00000, 0x00000000d1c00000| Untracked 
| 285|0x00000000d1d00000, 0x00000000d1d00000, 0x00000000d1e00000|  0%| F|  |TAMS 0x00000000d1d00000, 0x00000000d1d00000| Untracked 
| 286|0x00000000d1e00000, 0x00000000d1e00000, 0x00000000d1f00000|  0%| F|  |TAMS 0x00000000d1e00000, 0x00000000d1e00000| Untracked 
| 287|0x00000000d1f00000, 0x00000000d1f00000, 0x00000000d2000000|  0%| F|  |TAMS 0x00000000d1f00000, 0x00000000d1f00000| Untracked 
| 288|0x00000000d2000000, 0x00000000d2000000, 0x00000000d2100000|  0%| F|  |TAMS 0x00000000d2000000, 0x00000000d2000000| Untracked 
| 289|0x00000000d2100000, 0x00000000d2100000, 0x00000000d2200000|  0%| F|  |TAMS 0x00000000d2100000, 0x00000000d2100000| Untracked 
| 290|0x00000000d2200000, 0x00000000d227c8e8, 0x00000000d2300000| 48%| S|CS|TAMS 0x00000000d2200000, 0x00000000d2200000| Complete 
| 291|0x00000000d2300000, 0x00000000d2400000, 0x00000000d2400000|100%| S|CS|TAMS 0x00000000d2300000, 0x00000000d2300000| Complete 
| 292|0x00000000d2400000, 0x00000000d2400000, 0x00000000d2500000|  0%| F|  |TAMS 0x00000000d2400000, 0x00000000d2400000| Untracked 
| 293|0x00000000d2500000, 0x00000000d2500000, 0x00000000d2600000|  0%| F|  |TAMS 0x00000000d2500000, 0x00000000d2500000| Untracked 

Card table byte_map: [0x0000022f157a0000,0x0000022f159a0000] _byte_map_base: 0x0000022f151a0000

Marking Bits (Prev, Next): (CMBitMap*) 0x0000022f04b2b420, (CMBitMap*) 0x0000022f04b2b460
 Prev Bits: [0x0000022f15ba0000, 0x0000022f16ba0000)
 Next Bits: [0x0000022f16ba0000, 0x0000022f17ba0000)

Polling page: 0x0000022f03ec0000

Metaspace:

Usage:
  Non-class:     52.92 MB used.
      Class:      7.25 MB used.
       Both:     60.17 MB used.

Virtual space:
  Non-class space:       56.00 MB reserved,      53.62 MB ( 96%) committed,  7 nodes.
      Class space:        1.00 GB reserved,       7.88 MB ( <1%) committed,  1 nodes.
             Both:        1.05 GB reserved,      61.50 MB (  6%) committed. 

Chunk freelists:
   Non-Class:  2.41 MB
       Class:  175.00 KB
        Both:  2.58 MB

MaxMetaspaceSize: unlimited
CompressedClassSpaceSize: 1.00 GB
Initial GC threshold: 21.00 MB
Current GC threshold: 102.50 MB
CDS: off
MetaspaceReclaimPolicy: balanced
 - commit_granule_bytes: 65536.
 - commit_granule_words: 8192.
 - virtual_space_node_default_size: 1048576.
 - enlarge_chunks_in_place: 1.
 - new_chunks_are_fully_committed: 0.
 - uncommit_free_chunks: 1.
 - use_allocation_guard: 0.
 - handle_deallocations: 1.


Internal statistics:

num_allocs_failed_limit: 6.
num_arena_births: 574.
num_arena_deaths: 0.
num_vsnodes_births: 8.
num_vsnodes_deaths: 0.
num_space_committed: 984.
num_space_uncommitted: 0.
num_chunks_returned_to_freelist: 6.
num_chunks_taken_from_freelist: 3201.
num_chunk_merges: 3.
num_chunk_splits: 1914.
num_chunks_enlarged: 1065.
num_purges: 0.
num_inconsistent_stats: 0.

CodeHeap 'non-profiled nmethods': size=120000Kb used=4058Kb max_used=4058Kb free=115941Kb
 bounds [0x0000022f0e070000, 0x0000022f0e470000, 0x0000022f155a0000]
CodeHeap 'profiled nmethods': size=120000Kb used=15005Kb max_used=15005Kb free=104995Kb
 bounds [0x0000022f065a0000, 0x0000022f07450000, 0x0000022f0dad0000]
CodeHeap 'non-nmethods': size=5760Kb used=1475Kb max_used=1518Kb free=4284Kb
 bounds [0x0000022f0dad0000, 0x0000022f0dd40000, 0x0000022f0e070000]
 total_blobs=7536 nmethods=6686 adapters=760
 compilation: enabled
              stopped_count=0, restarted_count=0
 full_count=0

Compilation events (20 events):
Event: 12.747 Thread 0x0000022f20720130 nmethod 7485 0x0000022f0e458310 code [0x0000022f0e4584a0, 0x0000022f0e4585d8]
Event: 12.747 Thread 0x0000022f20720130 7486       4       org.eclipse.jface.text.DefaultLineTracker::getLegalLineDelimiters (7 bytes)
Event: 12.748 Thread 0x0000022f20720130 nmethod 7486 0x0000022f0e458690 code [0x0000022f0e458820, 0x0000022f0e458938]
Event: 12.748 Thread 0x0000022f20720130 7487       4       org.eclipse.jface.text.rules.RuleBasedScanner::checkRange (45 bytes)
Event: 12.749 Thread 0x0000022f20720130 nmethod 7487 0x0000022f0e458a10 code [0x0000022f0e458b80, 0x0000022f0e458c58]
Event: 12.754 Thread 0x0000022f20720130 7489       4       org.eclipse.jface.text.rules.BufferedRuleBasedScanner::setRange (23 bytes)
Event: 12.759 Thread 0x0000022f20720130 nmethod 7489 0x0000022f0e458d10 code [0x0000022f0e458f00, 0x0000022f0e459708]
Event: 12.924 Thread 0x0000022f1a08f160 nmethod 7480 0x0000022f0e459d90 code [0x0000022f0e45a300, 0x0000022f0e4614a8]
Event: 12.939 Thread 0x0000022f1a090680 7490 % !   3       org.eclipse.jface.text.presentation.PresentationReconciler::createPresentation @ 106 (156 bytes)
Event: 12.941 Thread 0x0000022f1a090680 nmethod 7490% 0x0000022f07444290 code [0x0000022f07444600, 0x0000022f07445ce8]
Event: 12.947 Thread 0x0000022f1a090680 7491   !   3       org.eclipse.jface.text.presentation.PresentationReconciler::createPresentation (156 bytes)
Event: 12.949 Thread 0x0000022f1a090680 nmethod 7491 0x0000022f07446910 code [0x0000022f07446c80, 0x0000022f07448248]
Event: 12.956 Thread 0x0000022f1a090680 7492       1       java.lang.Thread::getPriority (5 bytes)
Event: 12.956 Thread 0x0000022f1a090680 nmethod 7492 0x0000022f0e465010 code [0x0000022f0e4651a0, 0x0000022f0e465278]
Event: 13.114 Thread 0x0000022f1a08f160 7493 % !   4       org.eclipse.jface.text.presentation.PresentationReconciler::createPresentation @ 106 (156 bytes)
Event: 13.132 Thread 0x0000022f1a08f160 nmethod 7493% 0x0000022f0e465310 code [0x0000022f0e4654e0, 0x0000022f0e466088]
Event: 13.558 Thread 0x0000022f1a090680 7494   !   3       org.eclipse.core.internal.jobs.JobManager::withWriteLock (70 bytes)
Event: 13.558 Thread 0x0000022f1a090680 nmethod 7494 0x0000022f07448d90 code [0x0000022f07448f80, 0x0000022f07449538]
Event: 13.558 Thread 0x0000022f1a090680 7495       1       org.eclipse.core.runtime.Status::getSeverity (5 bytes)
Event: 13.558 Thread 0x0000022f1a090680 nmethod 7495 0x0000022f0e466710 code [0x0000022f0e4668a0, 0x0000022f0e466978]

GC Heap History (20 events):
Event: 12.589 GC heap after
{Heap after GC invocations=26 (full 0):
 garbage-first heap   total 193536K, used 94190K [0x00000000c0000000, 0x0000000100000000)
  region size 1024K, 6 young (6144K), 6 survivors (6144K)
 Metaspace       used 61597K, committed 62976K, reserved 1105920K
  class space    used 7424K, committed 8064K, reserved 1048576K
}
Event: 12.591 GC heap before
{Heap before GC invocations=26 (full 0):
 garbage-first heap   total 193536K, used 94190K [0x00000000c0000000, 0x0000000100000000)
  region size 1024K, 7 young (7168K), 6 survivors (6144K)
 Metaspace       used 61597K, committed 62976K, reserved 1105920K
  class space    used 7424K, committed 8064K, reserved 1048576K
}
Event: 12.610 GC heap after
{Heap after GC invocations=27 (full 0):
 garbage-first heap   total 193536K, used 95313K [0x00000000c0000000, 0x0000000100000000)
  region size 1024K, 1 young (1024K), 1 survivors (1024K)
 Metaspace       used 61597K, committed 62976K, reserved 1105920K
  class space    used 7424K, committed 8064K, reserved 1048576K
}
Event: 12.778 GC heap before
{Heap before GC invocations=27 (full 0):
 garbage-first heap   total 208896K, used 137297K [0x00000000c0000000, 0x0000000100000000)
  region size 1024K, 41 young (41984K), 1 survivors (1024K)
 Metaspace       used 61607K, committed 62976K, reserved 1105920K
  class space    used 7424K, committed 8064K, reserved 1048576K
}
Event: 12.799 GC heap after
{Heap after GC invocations=28 (full 0):
 garbage-first heap   total 208896K, used 108825K [0x00000000c0000000, 0x0000000100000000)
  region size 1024K, 6 young (6144K), 6 survivors (6144K)
 Metaspace       used 61607K, committed 62976K, reserved 1105920K
  class space    used 7424K, committed 8064K, reserved 1048576K
}
Event: 12.913 GC heap before
{Heap before GC invocations=29 (full 0):
 garbage-first heap   total 208896K, used 147737K [0x00000000c0000000, 0x0000000100000000)
  region size 1024K, 44 young (45056K), 6 survivors (6144K)
 Metaspace       used 61607K, committed 62976K, reserved 1105920K
  class space    used 7424K, committed 8064K, reserved 1048576K
}
Event: 12.922 GC heap after
{Heap after GC invocations=30 (full 0):
 garbage-first heap   total 208896K, used 112521K [0x00000000c0000000, 0x0000000100000000)
  region size 1024K, 3 young (3072K), 3 survivors (3072K)
 Metaspace       used 61607K, committed 62976K, reserved 1105920K
  class space    used 7424K, committed 8064K, reserved 1048576K
}
Event: 12.941 GC heap before
{Heap before GC invocations=30 (full 0):
 garbage-first heap   total 208896K, used 119689K [0x00000000c0000000, 0x0000000100000000)
  region size 1024K, 10 young (10240K), 3 survivors (3072K)
 Metaspace       used 61610K, committed 62976K, reserved 1105920K
  class space    used 7424K, committed 8064K, reserved 1048576K
}
Event: 12.945 GC heap after
{Heap after GC invocations=31 (full 0):
 garbage-first heap   total 286720K, used 111817K [0x00000000c0000000, 0x0000000100000000)
  region size 1024K, 1 young (1024K), 1 survivors (1024K)
 Metaspace       used 61610K, committed 62976K, reserved 1105920K
  class space    used 7424K, committed 8064K, reserved 1048576K
}
Event: 13.134 GC heap before
{Heap before GC invocations=31 (full 0):
 garbage-first heap   total 286720K, used 169161K [0x00000000c0000000, 0x0000000100000000)
  region size 1024K, 58 young (59392K), 1 survivors (1024K)
 Metaspace       used 61610K, committed 62976K, reserved 1105920K
  class space    used 7424K, committed 8064K, reserved 1048576K
}
Event: 13.139 GC heap after
{Heap after GC invocations=32 (full 0):
 garbage-first heap   total 286720K, used 116494K [0x00000000c0000000, 0x0000000100000000)
  region size 1024K, 6 young (6144K), 6 survivors (6144K)
 Metaspace       used 61610K, committed 62976K, reserved 1105920K
  class space    used 7424K, committed 8064K, reserved 1048576K
}
Event: 13.363 GC heap before
{Heap before GC invocations=33 (full 0):
 garbage-first heap   total 286720K, used 204558K [0x00000000c0000000, 0x0000000100000000)
  region size 1024K, 100 young (102400K), 6 survivors (6144K)
 Metaspace       used 61610K, committed 62976K, reserved 1105920K
  class space    used 7424K, committed 8064K, reserved 1048576K
}
Event: 13.371 GC heap after
{Heap after GC invocations=34 (full 0):
 garbage-first heap   total 286720K, used 114464K [0x00000000c0000000, 0x0000000100000000)
  region size 1024K, 12 young (12288K), 12 survivors (12288K)
 Metaspace       used 61610K, committed 62976K, reserved 1105920K
  class space    used 7424K, committed 8064K, reserved 1048576K
}
Event: 13.375 GC heap before
{Heap before GC invocations=34 (full 0):
 garbage-first heap   total 286720K, used 116512K [0x00000000c0000000, 0x0000000100000000)
  region size 1024K, 14 young (14336K), 12 survivors (12288K)
 Metaspace       used 61610K, committed 62976K, reserved 1105920K
  class space    used 7424K, committed 8064K, reserved 1048576K
}
Event: 13.382 GC heap after
{Heap after GC invocations=35 (full 0):
 garbage-first heap   total 286720K, used 113271K [0x00000000c0000000, 0x0000000100000000)
  region size 1024K, 1 young (1024K), 1 survivors (1024K)
 Metaspace       used 61610K, committed 62976K, reserved 1105920K
  class space    used 7424K, committed 8064K, reserved 1048576K
}
Event: 13.544 GC heap before
{Heap before GC invocations=35 (full 0):
 garbage-first heap   total 286720K, used 189047K [0x00000000c0000000, 0x0000000100000000)
  region size 1024K, 76 young (77824K), 1 survivors (1024K)
 Metaspace       used 61610K, committed 62976K, reserved 1105920K
  class space    used 7424K, committed 8064K, reserved 1048576K
}
Event: 13.549 GC heap after
{Heap after GC invocations=36 (full 0):
 garbage-first heap   total 286720K, used 117487K [0x00000000c0000000, 0x0000000100000000)
  region size 1024K, 6 young (6144K), 6 survivors (6144K)
 Metaspace       used 61610K, committed 62976K, reserved 1105920K
  class space    used 7424K, committed 8064K, reserved 1048576K
}
Event: 13.816 GC heap before
{Heap before GC invocations=37 (full 0):
 garbage-first heap   total 301056K, used 222959K [0x00000000c0000000, 0x0000000100000000)
  region size 1024K, 108 young (110592K), 6 survivors (6144K)
 Metaspace       used 61610K, committed 62976K, reserved 1105920K
  class space    used 7424K, committed 8064K, reserved 1048576K
}
Event: 13.824 GC heap after
{Heap after GC invocations=38 (full 0):
 garbage-first heap   total 301056K, used 125416K [0x00000000c0000000, 0x0000000100000000)
  region size 1024K, 12 young (12288K), 12 survivors (12288K)
 Metaspace       used 61610K, committed 62976K, reserved 1105920K
  class space    used 7424K, committed 8064K, reserved 1048576K
}
Event: 13.828 GC heap before
{Heap before GC invocations=38 (full 0):
 garbage-first heap   total 301056K, used 127464K [0x00000000c0000000, 0x0000000100000000)
  region size 1024K, 14 young (14336K), 12 survivors (12288K)
 Metaspace       used 61610K, committed 62976K, reserved 1105920K
  class space    used 7424K, committed 8064K, reserved 1048576K
}

Dll operation events (15 events):
Event: 0.068 Loaded shared library C:\Program Files\DBeaver\jre\bin\java.dll
Event: 0.277 Loaded shared library C:\Program Files\DBeaver\jre\bin\net.dll
Event: 0.297 Loaded shared library C:\Program Files\DBeaver\jre\bin\nio.dll
Event: 0.304 Loaded shared library C:\Program Files\DBeaver\jre\bin\zip.dll
Event: 0.388 Loaded shared library C:\Program Files\DBeaver\jre\bin\jimage.dll
Event: 2.078 Loaded shared library C:\Program Files\DBeaver\jre\bin\verify.dll
Event: 2.659 Loaded shared library C:\Program Files\DBeaver\swt-win32-4958r2.dll
Event: 2.973 Loaded shared library C:\Program Files\DBeaver\swt-gdip-win32-4958r2.dll
Event: 3.230 Loaded shared library C:\Program Files\DBeaver\jre\bin\sunmscapi.dll
Event: 3.412 Loaded shared library C:\Program Files\DBeaver\localfile_1_0_0.dll
Event: 3.532 Loaded shared library C:\Program Files\DBeaver\jre\bin\jaas.dll
Event: 3.722 Loaded shared library C:\Program Files\DBeaver\jre\bin\rmi.dll
Event: 9.666 Loaded shared library C:\Program Files\DBeaver\jre\bin\management.dll
Event: 9.699 Loaded shared library C:\Program Files\DBeaver\jre\bin\management_ext.dll
Event: 10.857 Loaded shared library C:\Program Files\DBeaver\jnidispatch.dll

Deoptimization events (20 events):
Event: 11.782 Thread 0x0000022f04af0380 Uncommon trap: trap_request=0xffffff45 fr.pc=0x0000022f0e408c7c relative=0x000000000000045c
Event: 11.782 Thread 0x0000022f04af0380 Uncommon trap: reason=unstable_if action=reinterpret pc=0x0000022f0e408c7c method=org.eclipse.swt.widgets.EventTable.sendEvent(Lorg/eclipse/swt/widgets/Event;)V @ 52 c2
Event: 11.782 Thread 0x0000022f04af0380 DEOPT PACKING pc=0x0000022f0e408c7c sp=0x0000005e3592c2f0
Event: 11.782 Thread 0x0000022f04af0380 DEOPT UNPACKING pc=0x0000022f0db269a3 sp=0x0000005e3592c260 mode 2
Event: 11.792 Thread 0x0000022f04af0380 DEOPT PACKING pc=0x0000022f06d4d584 sp=0x0000005e3592bc60
Event: 11.792 Thread 0x0000022f04af0380 DEOPT UNPACKING pc=0x0000022f0db27143 sp=0x0000005e3592b0e8 mode 0
Event: 11.947 Thread 0x0000022f04af0380 Uncommon trap: trap_request=0xffffffde fr.pc=0x0000022f0e25fa04 relative=0x0000000000001184
Event: 11.947 Thread 0x0000022f04af0380 Uncommon trap: reason=class_check action=maybe_recompile pc=0x0000022f0e25fa04 method=java.util.zip.InflaterInputStream.read([BII)I @ 100 c2
Event: 11.947 Thread 0x0000022f04af0380 DEOPT PACKING pc=0x0000022f0e25fa04 sp=0x0000005e3592cc20
Event: 11.947 Thread 0x0000022f04af0380 DEOPT UNPACKING pc=0x0000022f0db269a3 sp=0x0000005e3592cc70 mode 2
Event: 12.083 Thread 0x0000022f04af0380 DEOPT PACKING pc=0x0000022f0742d18c sp=0x0000005e3592d880
Event: 12.083 Thread 0x0000022f04af0380 DEOPT UNPACKING pc=0x0000022f0db27143 sp=0x0000005e3592cd78 mode 0
Event: 12.519 Thread 0x0000022f04af0380 Uncommon trap: trap_request=0xffffff45 fr.pc=0x0000022f0e432698 relative=0x0000000000000778
Event: 12.519 Thread 0x0000022f04af0380 Uncommon trap: reason=unstable_if action=reinterpret pc=0x0000022f0e432698 method=org.eclipse.jface.text.rules.FastPartitioner.initialize()V @ 116 c2
Event: 12.519 Thread 0x0000022f04af0380 DEOPT PACKING pc=0x0000022f0e432698 sp=0x0000005e3592d8c0
Event: 12.519 Thread 0x0000022f04af0380 DEOPT UNPACKING pc=0x0000022f0db269a3 sp=0x0000005e3592d888 mode 2
Event: 12.664 Thread 0x0000022f04af0380 DEOPT PACKING pc=0x0000022f0738d192 sp=0x0000005e3592d6b0
Event: 12.664 Thread 0x0000022f04af0380 DEOPT UNPACKING pc=0x0000022f0db27143 sp=0x0000005e3592cb90 mode 0
Event: 13.151 Thread 0x0000022f04af0380 DEOPT PACKING pc=0x0000022f07445a64 sp=0x0000005e3592d6c0
Event: 13.151 Thread 0x0000022f04af0380 DEOPT UNPACKING pc=0x0000022f0db27143 sp=0x0000005e3592cc30 mode 0

Classes unloaded (0 events):
No events

Classes redefined (0 events):
No events

Internal exceptions (20 events):
Event: 10.821 Thread 0x0000022f04af0380 Exception <a 'java/io/IOException'{0x00000000cae640b8}> (0x00000000cae640b8) 
thrown [s\src\hotspot\share\prims\jni.cpp, line 516]
Event: 10.825 Thread 0x0000022f04af0380 Exception <a 'java/io/IOException'{0x00000000cae85d38}> (0x00000000cae85d38) 
thrown [s\src\hotspot\share\prims\jni.cpp, line 516]
Event: 10.883 Thread 0x0000022f04af0380 Exception <a 'java/lang/UnsatisfiedLinkError'{0x00000000cade5f40}:    .
> (0x00000000cade5f40) 
thrown [s\src\hotspot\share\prims\jni.cpp, line 535]
Event: 10.888 Thread 0x0000022f04af0380 Exception <a 'java/io/FileNotFoundException'{0x00000000cadf12f8}> (0x00000000cadf12f8) 
thrown [s\src\hotspot\share\prims\jni.cpp, line 516]
Event: 10.893 Thread 0x0000022f04af0380 Exception <a 'java/io/FileNotFoundException'{0x00000000cac1c368}> (0x00000000cac1c368) 
thrown [s\src\hotspot\share\prims\jni.cpp, line 516]
Event: 10.906 Thread 0x0000022f04af0380 Exception <a 'java/lang/UnsatisfiedLinkError'{0x00000000cab23dd8}:    .
> (0x00000000cab23dd8) 
thrown [s\src\hotspot\share\prims\jni.cpp, line 535]
Event: 10.918 Thread 0x0000022f04af0380 Exception <a 'java/io/IOException'{0x00000000cab42b40}> (0x00000000cab42b40) 
thrown [s\src\hotspot\share\prims\jni.cpp, line 516]
Event: 10.920 Thread 0x0000022f04af0380 Exception <a 'java/io/IOException'{0x00000000cab535a0}> (0x00000000cab535a0) 
thrown [s\src\hotspot\share\prims\jni.cpp, line 516]
Event: 11.142 Thread 0x0000022f04af0380 Exception <a 'java/lang/NoSuchMethodError'{0x00000000caae6500}: 'java.lang.Object java.lang.invoke.DirectMethodHandle$Holder.newInvokeSpecial(java.lang.Object, java.lang.Object, java.lang.Object, int)'> (0x00000000caae6500) 
thrown [s\src\hotspot\share\interpreter\linkResolver.cpp, line 759]
Event: 11.143 Thread 0x0000022f04af0380 Exception <a 'java/lang/NoSuchMethodError'{0x00000000caaea578}: 'java.lang.Object java.lang.invoke.DirectMethodHandle$Holder.invokeSpecial(java.lang.Object, java.lang.Object, java.lang.Object, java.lang.Object, int)'> (0x00000000caaea578) 
thrown [s\src\hotspot\share\interpreter\linkResolver.cpp, line 759]
Event: 11.143 Thread 0x0000022f04af0380 Exception <a 'java/lang/NoSuchMethodError'{0x00000000caaedf50}: 'java.lang.Object java.lang.invoke.Invokers$Holder.linkToTargetMethod(java.lang.Object, java.lang.Object, int, java.lang.Object)'> (0x00000000caaedf50) 
thrown [s\src\hotspot\share\interpreter\linkResolver.cpp, line 759]
Event: 11.594 Thread 0x0000022f04af0380 Exception <a 'sun/nio/fs/WindowsException'{0x00000000ca4cd638}> (0x00000000ca4cd638) 
thrown [s\src\hotspot\share\prims\jni.cpp, line 516]
Event: 11.680 Thread 0x0000022f04af0380 Exception <a 'java/io/IOException'{0x00000000ca2542b0}> (0x00000000ca2542b0) 
thrown [s\src\hotspot\share\prims\jni.cpp, line 516]
Event: 11.685 Thread 0x0000022f04af0380 Exception <a 'java/io/IOException'{0x00000000ca26ac28}> (0x00000000ca26ac28) 
thrown [s\src\hotspot\share\prims\jni.cpp, line 516]
Event: 11.686 Thread 0x0000022f04af0380 Exception <a 'sun/nio/fs/WindowsException'{0x00000000ca275bd8}> (0x00000000ca275bd8) 
thrown [s\src\hotspot\share\prims\jni.cpp, line 516]
Event: 11.687 Thread 0x0000022f04af0380 Exception <a 'sun/nio/fs/WindowsException'{0x00000000ca277088}> (0x00000000ca277088) 
thrown [s\src\hotspot\share\prims\jni.cpp, line 516]
Event: 11.688 Thread 0x0000022f04af0380 Exception <a 'sun/nio/fs/WindowsException'{0x00000000ca27cb80}> (0x00000000ca27cb80) 
thrown [s\src\hotspot\share\prims\jni.cpp, line 516]
Event: 11.689 Thread 0x0000022f04af0380 Exception <a 'sun/nio/fs/WindowsException'{0x00000000ca27df00}> (0x00000000ca27df00) 
thrown [s\src\hotspot\share\prims\jni.cpp, line 516]
Event: 11.689 Thread 0x0000022f04af0380 Exception <a 'sun/nio/fs/WindowsException'{0x00000000ca27f160}> (0x00000000ca27f160) 
thrown [s\src\hotspot\share\prims\jni.cpp, line 516]
Event: 12.682 Thread 0x0000022f1f876080 Exception <a 'sun/nio/fs/WindowsException'{0x00000000cb1822b0}> (0x00000000cb1822b0) 
thrown [s\src\hotspot\share\prims\jni.cpp, line 516]

VM Operations (20 events):
Event: 12.945 Executing VM operation: G1CollectForAllocation done
Event: 13.134 Executing VM operation: G1TryInitiateConcMark
Event: 13.139 Executing VM operation: G1TryInitiateConcMark done
Event: 13.271 Executing VM operation: G1Concurrent
Event: 13.275 Executing VM operation: G1Concurrent done
Event: 13.341 Executing VM operation: G1Concurrent
Event: 13.341 Executing VM operation: G1Concurrent done
Event: 13.363 Executing VM operation: G1CollectForAllocation
Event: 13.371 Executing VM operation: G1CollectForAllocation done
Event: 13.375 Executing VM operation: G1CollectForAllocation
Event: 13.382 Executing VM operation: G1CollectForAllocation done
Event: 13.544 Executing VM operation: G1TryInitiateConcMark
Event: 13.549 Executing VM operation: G1TryInitiateConcMark done
Event: 13.694 Executing VM operation: G1Concurrent
Event: 13.698 Executing VM operation: G1Concurrent done
Event: 13.782 Executing VM operation: G1Concurrent
Event: 13.783 Executing VM operation: G1Concurrent done
Event: 13.816 Executing VM operation: G1CollectForAllocation
Event: 13.824 Executing VM operation: G1CollectForAllocation done
Event: 13.828 Executing VM operation: G1CollectForAllocation

Events (20 events):
Event: 11.138 Thread 0x0000022f1f99f3c0 Thread added: 0x0000022f1f99f3c0
Event: 11.322 loading class java/util/regex/Pattern$Caret
Event: 11.322 loading class java/util/regex/Pattern$Caret done
Event: 11.333 loading class java/util/Collections$UnmodifiableNavigableSet
Event: 11.333 loading class java/util/Collections$UnmodifiableNavigableSet done
Event: 11.333 loading class java/util/Collections$UnmodifiableNavigableSet$EmptyNavigableSet
Event: 11.333 loading class java/util/Collections$UnmodifiableNavigableSet$EmptyNavigableSet done
Event: 11.334 loading class java/util/TreeMap$KeySpliterator
Event: 11.334 loading class java/util/TreeMap$TreeMapSpliterator
Event: 11.334 loading class java/util/TreeMap$TreeMapSpliterator done
Event: 11.335 loading class java/util/TreeMap$KeySpliterator done
Event: 11.339 Thread 0x0000022f1f8709e0 Thread added: 0x0000022f1f8709e0
Event: 11.339 Thread 0x0000022f1f8709e0 Thread exited: 0x0000022f1f8709e0
Event: 11.372 Thread 0x0000022f1a092e70 flushing nmethod 0x0000022f0667fb10
Event: 11.376 Thread 0x0000022f1a092e70 flushing nmethod 0x0000022f06e07310
Event: 11.652 Thread 0x0000022f1f8709e0 Thread added: 0x0000022f1f8709e0
Event: 12.153 Thread 0x0000022f1f876080 Thread added: 0x0000022f1f876080
Event: 12.522 Thread 0x0000022f1f99f3c0 Thread exited: 0x0000022f1f99f3c0
Event: 12.692 Thread 0x0000022f20720130 Thread added: 0x0000022f20720130
Event: 12.939 Thread 0x0000022f20720130 Thread exited: 0x0000022f20720130


Dynamic libraries:
0x00007ff7a8150000 - 0x00007ff7a81d4000 	C:\Program Files\DBeaver\dbeaver.exe
0x00007fffca8d0000 - 0x00007fffcaac7000 	C:\WINDOWS\SYSTEM32\ntdll.dll
0x00007fffa7fe0000 - 0x00007fffa7ff9000 	C:\Program Files\AVAST Software\Avast\aswhook.dll
0x00007fffc9a30000 - 0x00007fffc9aed000 	C:\WINDOWS\System32\KERNEL32.DLL
0x00007fffc8180000 - 0x00007fffc8476000 	C:\WINDOWS\System32\KERNELBASE.dll
0x00007fffc9890000 - 0x00007fffc9a2e000 	C:\WINDOWS\System32\USER32.dll
0x00007fffc8100000 - 0x00007fffc8122000 	C:\WINDOWS\System32\win32u.dll
0x00007fffc8e30000 - 0x00007fffc8e5c000 	C:\WINDOWS\System32\GDI32.dll
0x00007fffc8810000 - 0x00007fffc892a000 	C:\WINDOWS\System32\gdi32full.dll
0x00007fffc8060000 - 0x00007fffc80fd000 	C:\WINDOWS\System32\msvcp_win.dll
0x00007fffc8710000 - 0x00007fffc8810000 	C:\WINDOWS\System32\ucrtbase.dll
0x00007fffbcf50000 - 0x00007fffbd1ea000 	C:\WINDOWS\WinSxS\amd64_microsoft.windows.common-controls_6595b64144ccf1df_6.0.19041.3570_none_60bb2a3971f3e41a\COMCTL32.dll
0x00007fffc8cb0000 - 0x00007fffc8d4e000 	C:\WINDOWS\System32\msvcrt.dll
0x00007fffc9d80000 - 0x00007fffc9db0000 	C:\WINDOWS\System32\IMM32.DLL
0x00007fffad400000 - 0x00007fffad43e000 	C:\Program Files\DBeaver\plugins\org.eclipse.equinox.launcher.win32.win32.x86_64_1.2.700.v20221108-1024\eclipse_11801.dll
0x00007fffc89a0000 - 0x00007fffc8a4e000 	C:\WINDOWS\System32\ADVAPI32.dll
0x00007fffc97f0000 - 0x00007fffc988c000 	C:\WINDOWS\System32\sechost.dll
0x00007fffc9e60000 - 0x00007fffc9f86000 	C:\WINDOWS\System32\RPCRT4.dll
0x00007fffca760000 - 0x00007fffca88b000 	C:\WINDOWS\System32\ole32.dll
0x00007fffc9430000 - 0x00007fffc9784000 	C:\WINDOWS\System32\combase.dll
0x00007fffbf040000 - 0x00007fffbf04a000 	C:\WINDOWS\SYSTEM32\VERSION.dll
0x00007fff88790000 - 0x00007fff893d7000 	C:\Program Files\DBeaver\jre\bin\server\jvm.dll
0x00007fffb9040000 - 0x00007fffb9049000 	C:\WINDOWS\SYSTEM32\WSOCK32.dll
0x00007fffc8930000 - 0x00007fffc899b000 	C:\WINDOWS\System32\WS2_32.dll
0x00007fffbd200000 - 0x00007fffbd227000 	C:\WINDOWS\SYSTEM32\WINMM.dll
0x00007fffa61b0000 - 0x00007fffa61cb000 	C:\WINDOWS\SYSTEM32\VCRUNTIME140.dll
0x00007fffa5e30000 - 0x00007fffa5e3c000 	C:\WINDOWS\SYSTEM32\VCRUNTIME140_1.dll
0x00007fffc2480000 - 0x00007fffc248a000 	C:\Program Files\DBeaver\jre\bin\jimage.dll
0x00007fffbb690000 - 0x00007fffbb874000 	C:\WINDOWS\SYSTEM32\DBGHELP.DLL
0x00007fffbb340000 - 0x00007fffbb374000 	C:\WINDOWS\SYSTEM32\dbgcore.DLL
0x00007fffc8480000 - 0x00007fffc8502000 	C:\WINDOWS\System32\bcryptPrimitives.dll
0x00007fffad3d0000 - 0x00007fffad3f5000 	C:\Program Files\DBeaver\jre\bin\java.dll
0x00007fffc5e30000 - 0x00007fffc5e42000 	C:\WINDOWS\SYSTEM32\kernel.appcore.dll
0x00007fffb66a0000 - 0x00007fffb66b8000 	C:\Program Files\DBeaver\jre\bin\zip.dll
0x00007fffca010000 - 0x00007fffca754000 	C:\WINDOWS\System32\SHELL32.dll
0x00007fffc6030000 - 0x00007fffc67cb000 	C:\WINDOWS\SYSTEM32\windows.storage.dll
0x00007fffc7910000 - 0x00007fffc793d000 	C:\WINDOWS\SYSTEM32\Wldp.dll
0x00007fffc9db0000 - 0x00007fffc9e5d000 	C:\WINDOWS\System32\SHCORE.dll
0x00007fffc8b70000 - 0x00007fffc8bc5000 	C:\WINDOWS\System32\shlwapi.dll
0x00007fffc7ee0000 - 0x00007fffc7f05000 	C:\WINDOWS\SYSTEM32\profapi.dll
0x00007fffadbf0000 - 0x00007fffadc09000 	C:\Program Files\DBeaver\jre\bin\net.dll
0x00007fffc0650000 - 0x00007fffc075a000 	C:\WINDOWS\SYSTEM32\WINHTTP.dll
0x00007fffc76f0000 - 0x00007fffc775a000 	C:\WINDOWS\system32\mswsock.dll
0x00007fffada70000 - 0x00007fffada85000 	C:\Program Files\DBeaver\jre\bin\nio.dll
0x00007fffc7c90000 - 0x00007fffc7ca8000 	C:\WINDOWS\SYSTEM32\CRYPTSP.dll
0x00007fffc6fb0000 - 0x00007fffc6fe4000 	C:\WINDOWS\system32\rsaenh.dll
0x00007fffc86e0000 - 0x00007fffc8707000 	C:\WINDOWS\System32\bcrypt.dll
0x00007fffc7e60000 - 0x00007fffc7e8e000 	C:\WINDOWS\SYSTEM32\USERENV.dll
0x00007fffc7880000 - 0x00007fffc788c000 	C:\WINDOWS\SYSTEM32\CRYPTBASE.dll
0x00007fffc73b0000 - 0x00007fffc73eb000 	C:\WINDOWS\SYSTEM32\IPHLPAPI.DLL
0x00007fffc8e60000 - 0x00007fffc8e68000 	C:\WINDOWS\System32\NSI.dll
0x00007fffc1100000 - 0x00007fffc1117000 	C:\WINDOWS\SYSTEM32\dhcpcsvc6.DLL
0x00007fffc10e0000 - 0x00007fffc10fd000 	C:\WINDOWS\SYSTEM32\dhcpcsvc.DLL
0x00007fffc73f0000 - 0x00007fffc74ba000 	C:\WINDOWS\SYSTEM32\DNSAPI.dll
0x00007fffc0c30000 - 0x00007fffc0c40000 	C:\Program Files\DBeaver\jre\bin\verify.dll
0x00007fffacc70000 - 0x00007fffacc87000 	C:\WINDOWS\system32\napinsp.dll
0x00007fffacc90000 - 0x00007fffaccab000 	C:\WINDOWS\system32\pnrpnsp.dll
0x00007fffaccb0000 - 0x00007fffaccc5000 	C:\WINDOWS\system32\wshbth.dll
0x00007fffc3950000 - 0x00007fffc396d000 	C:\WINDOWS\system32\NLAapi.dll
0x00007fffacdf0000 - 0x00007ffface02000 	C:\WINDOWS\System32\winrnr.dll
0x00007fffbad40000 - 0x00007fffbad4a000 	C:\Windows\System32\rasadhlp.dll
0x00007fffbfb20000 - 0x00007fffbfba2000 	C:\WINDOWS\System32\fwpuclnt.dll
0x00007fff8f1d0000 - 0x00007fff8f296000 	C:\Program Files\DBeaver\swt-win32-4958r2.dll
0x00007fffc8bd0000 - 0x00007fffc8c9d000 	C:\WINDOWS\System32\OLEAUT32.dll
0x00007fffc9af0000 - 0x00007fffc9bca000 	C:\WINDOWS\System32\COMDLG32.dll
0x00007fffc3660000 - 0x00007fffc36fd000 	C:\WINDOWS\SYSTEM32\WINSPOOL.DRV
0x00007fff9be40000 - 0x00007fff9bea6000 	C:\WINDOWS\SYSTEM32\OLEACC.dll
0x00007fff7eb40000 - 0x00007fff7eb59000 	C:\WINDOWS\SYSTEM32\USP10.dll
0x00007fffae140000 - 0x00007fffae616000 	C:\WINDOWS\SYSTEM32\WININET.dll
0x00007fffc5940000 - 0x00007fffc59de000 	C:\WINDOWS\SYSTEM32\UxTheme.dll
0x00007fffb61d0000 - 0x00007fffb63bd000 	C:\WINDOWS\SYSTEM32\urlmon.dll
0x00007fffc3ac0000 - 0x00007fffc3bb6000 	C:\WINDOWS\SYSTEM32\PROPSYS.dll
0x00007fffc5b40000 - 0x00007fffc5b6f000 	C:\WINDOWS\SYSTEM32\dwmapi.dll
0x00007fffc5760000 - 0x00007fffc5767000 	C:\WINDOWS\SYSTEM32\MSIMG32.dll
0x00007fffb69f0000 - 0x00007fffb6cac000 	C:\WINDOWS\SYSTEM32\iertutil.dll
0x00007fffc0830000 - 0x00007fffc0859000 	C:\WINDOWS\SYSTEM32\srvcli.dll
0x00007fffc74c0000 - 0x00007fffc74cc000 	C:\WINDOWS\SYSTEM32\netutils.dll
0x00007fffc8a50000 - 0x00007fffc8b64000 	C:\WINDOWS\System32\MSCTF.dll
0x00007fffc92f0000 - 0x00007fffc9399000 	C:\WINDOWS\System32\clbcatq.dll
0x00007fff98040000 - 0x00007fff981be000 	C:\Windows\System32\TaskFlowDataEngine.dll
0x00007fffa76e0000 - 0x00007fffa7bb2000 	C:\Windows\System32\cdp.dll
0x00007fffc3d90000 - 0x00007fffc3ee5000 	C:\WINDOWS\SYSTEM32\wintypes.dll
0x00007fffc8510000 - 0x00007fffc866d000 	C:\WINDOWS\System32\CRYPT32.dll
0x00007fffc8130000 - 0x00007fffc817e000 	C:\WINDOWS\System32\cfgmgr32.dll
0x00007fffc7390000 - 0x00007fffc73a2000 	C:\Windows\System32\UMPDC.dll
0x00007fffc3c40000 - 0x00007fffc3d8d000 	C:\Windows\System32\dsreg.dll
0x00007fffc7040000 - 0x00007fffc70ca000 	C:\Windows\System32\msvcp110_win.dll
0x00007fffb0230000 - 0x00007fffb02af000 	C:\Windows\System32\OneCoreCommonProxyStub.dll
0x00007fffad500000 - 0x00007fffad528000 	C:\Program Files\DBeaver\swt-gdip-win32-4958r2.dll
0x00007fff9e740000 - 0x00007fff9e8e5000 	C:\WINDOWS\WinSxS\amd64_microsoft.windows.gdiplus_6595b64144ccf1df_1.1.19041.3570_none_91a61d1ecc865de8\gdiplus.dll
0x00007fffc1290000 - 0x00007fffc1444000 	C:\WINDOWS\SYSTEM32\WindowsCodecs.dll
0x00007fffc0be0000 - 0x00007fffc0bee000 	C:\Program Files\DBeaver\jre\bin\sunmscapi.dll
0x00007fffc7980000 - 0x00007fffc79a7000 	C:\WINDOWS\SYSTEM32\ncrypt.dll
0x00007fffc7940000 - 0x00007fffc797b000 	C:\WINDOWS\SYSTEM32\NTASN1.dll
0x0000000180000000 - 0x0000000180012000 	C:\Program Files\DBeaver\localfile_1_0_0.dll
0x00007fffc0350000 - 0x00007fffc0359000 	C:\Program Files\DBeaver\jre\bin\jaas.dll
0x00007fffbd600000 - 0x00007fffbd607000 	C:\Program Files\DBeaver\jre\bin\rmi.dll
0x00007fffb8790000 - 0x00007fffb883c000 	C:\WINDOWS\SYSTEM32\TextShaping.dll
0x00007fffbac90000 - 0x00007fffbacce000 	C:\WINDOWS\system32\dataexchange.dll
0x00007fffc4b80000 - 0x00007fffc4d63000 	C:\WINDOWS\system32\dcomp.dll
0x00007fffc4350000 - 0x00007fffc45b3000 	C:\WINDOWS\system32\d3d11.dll
0x00007fffc6930000 - 0x00007fffc6a23000 	C:\WINDOWS\system32\dxgi.dll
0x00007fffc19f0000 - 0x00007fffc1bf7000 	C:\WINDOWS\system32\twinapi.appcore.dll
0x00007fff90ca0000 - 0x00007fff90ce2000 	C:\WINDOWS\system32\mlang.dll
0x00007fffbd1f0000 - 0x00007fffbd1f9000 	C:\Program Files\DBeaver\jre\bin\management.dll
0x00007fffbce70000 - 0x00007fffbce7b000 	C:\Program Files\DBeaver\jre\bin\management_ext.dll
0x00007fffc8ca0000 - 0x00007fffc8ca8000 	C:\WINDOWS\System32\PSAPI.DLL
0x00007fff9b3f0000 - 0x00007fff9b634000 	C:\WINDOWS\system32\explorerframe.dll
0x00007fff9dea0000 - 0x00007fff9e11f000 	C:\WINDOWS\SYSTEM32\DWrite.dll
0x00007fffa6cf0000 - 0x00007fffa6dea000 	C:\WINDOWS\SYSTEM32\textinputframework.dll
0x00007fffc5100000 - 0x00007fffc545b000 	C:\WINDOWS\System32\CoreUIComponents.dll
0x00007fffc5460000 - 0x00007fffc5552000 	C:\WINDOWS\System32\CoreMessaging.dll
0x00007fffc70d0000 - 0x00007fffc7103000 	C:\WINDOWS\SYSTEM32\ntmarta.dll
0x00007fffacbb0000 - 0x00007fffacbf0000 	C:\Program Files\DBeaver\jnidispatch.dll

dbghelp: loaded successfully - version: 4.0.5 - missing functions: none
symbol engine: initialized successfully - sym options: 0x614 - pdb path: .;C:\Program Files\DBeaver;C:\WINDOWS\SYSTEM32;C:\Program Files\AVAST Software\Avast;C:\WINDOWS\WinSxS\amd64_microsoft.windows.common-controls_6595b64144ccf1df_6.0.19041.3570_none_60bb2a3971f3e41a;C:\Program Files\DBeaver\plugins\org.eclipse.equinox.launcher.win32.win32.x86_64_1.2.700.v20221108-1024;C:\Program Files\DBeaver\jre\bin\server;C:\Program Files\DBeaver\jre\bin;C:\WINDOWS\WinSxS\amd64_microsoft.windows.gdiplus_6595b64144ccf1df_1.1.19041.3570_none_91a61d1ecc865de8

VM Arguments:
jvm_args: -XX:+IgnoreUnrecognizedVMOptions -Dosgi.requiredJavaVersion=17 --add-modules=ALL-SYSTEM --add-opens=java.base/java.io=ALL-UNNAMED --add-opens=java.base/java.lang=ALL-UNNAMED --add-opens=java.base/java.lang.reflect=ALL-UNNAMED --add-opens=java.base/java.net=ALL-UNNAMED --add-opens=java.base/java.nio=ALL-UNNAMED --add-opens=java.base/java.nio.charset=ALL-UNNAMED --add-opens=java.base/java.text=ALL-UNNAMED --add-opens=java.base/java.time=ALL-UNNAMED --add-opens=java.base/java.util=ALL-UNNAMED --add-opens=java.base/java.util.concurrent=ALL-UNNAMED --add-opens=java.base/java.util.concurrent.atomic=ALL-UNNAMED --add-opens=java.base/jdk.internal.vm=ALL-UNNAMED --add-opens=java.base/sun.nio.ch=ALL-UNNAMED --add-opens=java.base/sun.security.ssl=ALL-UNNAMED --add-opens=java.base/sun.security.action=ALL-UNNAMED --add-opens=java.base/sun.security.util=ALL-UNNAMED -Xms64m -Xmx1024m -Ddbeaver.distribution.type=exe 
java_command: <unknown>
java_class_path (initial): C:\Program Files\DBeaver\plugins\org.eclipse.equinox.launcher_1.6.400.v20210924-0641.jar
Launcher Type: generic

[Global flags]
     intx CICompilerCount                          = 3                                         {product} {ergonomic}
     uint ConcGCThreads                            = 1                                         {product} {ergonomic}
     uint G1ConcRefinementThreads                  = 4                                         {product} {ergonomic}
   size_t G1HeapRegionSize                         = 1048576                                   {product} {ergonomic}
    uintx GCDrainStackTargetSize                   = 64                                        {product} {ergonomic}
     bool IgnoreUnrecognizedVMOptions              = true                                      {product} {command line}
   size_t InitialHeapSize                          = 67108864                                  {product} {command line}
   size_t MarkStackSize                            = 4194304                                   {product} {ergonomic}
   size_t MaxHeapSize                              = 1073741824                                {product} {command line}
   size_t MaxNewSize                               = 643825664                                 {product} {ergonomic}
   size_t MinHeapDeltaBytes                        = 1048576                                   {product} {ergonomic}
   size_t MinHeapSize                              = 67108864                                  {product} {command line}
    uintx NonNMethodCodeHeapSize                   = 5832780                                {pd product} {ergonomic}
    uintx NonProfiledCodeHeapSize                  = 122912730                              {pd product} {ergonomic}
    uintx ProfiledCodeHeapSize                     = 122912730                              {pd product} {ergonomic}
    uintx ReservedCodeCacheSize                    = 251658240                              {pd product} {ergonomic}
     bool SegmentedCodeCache                       = true                                      {product} {ergonomic}
   size_t SoftMaxHeapSize                          = 1073741824                             {manageable} {ergonomic}
     bool UseCompressedClassPointers               = true                           {product lp64_product} {ergonomic}
     bool UseCompressedOops                        = true                           {product lp64_product} {ergonomic}
     bool UseG1GC                                  = true                                      {product} {ergonomic}
     bool UseLargePagesIndividualAllocation        = false                                  {pd product} {ergonomic}

Logging:
Log output configuration:
 #0: stdout all=warning uptime,level,tags
 #1: stderr all=off uptime,level,tags

Environment Variables:
PATH=C:\Program Files (x86)\Common Files\Intel\Shared Libraries\redist\intel64_win\compiler;C:\Program Files (x86)\Microsoft SDKs\Azure\CLI2\wbin;C:\Windows\system32;C:\Windows;C:\Windows\System32\Wbem;C:\Windows\System32\WindowsPowerShell\v1.0\;C:\Windows\System32\OpenSSH\;C:\Program Files (x86)\NVIDIA Corporation\PhysX\Common;C:\Program Files\NVIDIA Corporation\NVIDIA NvDLISR;C:\Program Files\Microsoft SQL Server\130\Tools\Binn\;C:\WINDOWS\system32;C:\WINDOWS;C:\WINDOWS\System32\Wbem;C:\WINDOWS\System32\WindowsPowerShell\v1.0\;C:\WINDOWS\System32\OpenSSH\;C:\Program Files (x86)\QuickTime\QTSystem\;C:\Program Files\Microsoft SQL Server\Client SDK\ODBC\170\Tools\Binn\;C:\Program Files\dotnet\;C:\Program Files\Git\cmd;C:\Program Files\PuTTY\;C:\Program Files\Docker\Docker\resources\bin;C:\Program Files\PostgreSQL\15\bin;C:\Program Files\MySQL\MySQL Shell 8.0\bin\;%USERPROFILE%\AppData\Local\Microsoft\WindowsApps;C:\Users\dima-\AppData\Local\Programs\Microsoft VS Code\bin;%CLion%;C:\Program Files\heroku\bin;%USERPROFILE%\.dotnet\tools;C:\Users\dima-\AppData\Local\GitHubDesktop\bin;C:\Users\dima-\yandex-cloud\bin
USERNAME=dima-
OS=Windows_NT
PROCESSOR_IDENTIFIER=Intel64 Family 6 Model 58 Stepping 9, GenuineIntel
TMP=C:\Users\dima-\AppData\Local\Temp
TEMP=C:\Users\dima-\AppData\Local\Temp



---------------  S Y S T E M  ---------------

OS:
 Windows 10 , 64 bit Build 19041 (10.0.19041.3570)
OS uptime: 1 days 0:10 hours
Hyper-V role detected

CPU: total 4 (initial active 4) (4 cores per cpu, 1 threads per core) family 6 model 58 stepping 9 microcode 0x21, cx8, cmov, fxsr, mmx, sse, sse2, sse3, ssse3, sse4.1, sse4.2, popcnt, tsc, tscinvbit, avx, aes, erms, clmul, vzeroupper, clflush, hv

Memory: 4k page, system-wide physical 8175M (435M free)
TotalPageFile size 13175M (AvailPageFile size 41M)
current process WorkingSet (physical memory assigned to process): 462M, peak: 462M
current process commit charge ("private bytes"): 494M, peak: 780M

vm_info: OpenJDK 64-Bit Server VM (17.0.6+10) for windows-amd64 JRE (17.0.6+10), built on Jan 18 2023 10:08:59 by "temurin" with MS VC++ 16.7 (VS2019)

END.
